#
# A fatal error has been detected by the Java Runtime Environment:
#
#  SIGSEGV (0xb) at pc=0x00007f461482bf41, pid=34251, tid=34251
#
# JRE version: OpenJDK Runtime Environment Zulu11.48+21-CA (11.0.11+9) (build 11.0.11+9-LTS)
# Java VM: OpenJDK 64-Bit Server VM Zulu11.48+21-CA (11.0.11+9-LTS, mixed mode, tiered, compressed oops, g1 gc, linux-amd64)
# Problematic frame:
# V  [libjvm.so+0x5cbf41]  AccessInternal::PostRuntimeDispatch<G1BarrierSet::AccessBarrier<1097844ul, G1BarrierSet>, (AccessInternal::BarrierType)2, 1097844ul>::oop_access_barrier(void*)+0x1
#
# Core dump will be written. Default location: Core dumps may be processed with "/usr/share/apport/apport %p %s %c %d %P %E" (or dumping to /home/jonas/Projects/Java/NewShell/core.34251)
#
# If you would like to submit a bug report, please visit:
#   http://www.azulsystems.com/support/
#

---------------  S U M M A R Y ------------

Command Line: -javaagent:/home/jonas/.local/share/JetBrains/Toolbox/apps/IDEA-U/ch-0/211.7442.40/lib/idea_rt.jar=40601:/home/jonas/.local/share/JetBrains/Toolbox/apps/IDEA-U/ch-0/211.7442.40/bin -Dfile.encoding=UTF-8 shell.Main

Host: Intel(R) Xeon(R) CPU E5-2680 v2 @ 2.80GHz, 40 cores, 31G, Pop!_OS 20.10
Time: Mon Jun 28 16:24:03 2021 CEST elapsed time: 236.870899 seconds (0d 0h 3m 56s)

---------------  T H R E A D  ---------------

Current thread (0x00007f4610018800):  JavaThread "main" [_thread_in_vm, id=33850, stack(0x00007f4614010000,0x00007f4614111000)]

Stack: [0x00007f4614010000,0x00007f4614111000],  sp=0x00007f461410f6f0,  free space=1021k
Native frames: (J=compiled Java code, A=aot compiled Java code, j=interpreted, Vv=VM code, C=native code)
V  [libjvm.so+0x5cbf41]  AccessInternal::PostRuntimeDispatch<G1BarrierSet::AccessBarrier<1097844ul, G1BarrierSet>, (AccessInternal::BarrierType)2, 1097844ul>::oop_access_barrier(void*)+0x1
C  [libKernelWrapper.so+0x1265]  Java_cTools_KernelWrapper_execv+0x3b
j  cTools.KernelWrapper.execv(Ljava/lang/String;[Ljava/lang/String;)I+0
j  shell.Executor.execute(Ljava/util/List;)I+116
j  shell.Main.main([Ljava/lang/String;)V+31
v  ~StubRoutines::call_stub
V  [libjvm.so+0x8d3b02]  JavaCalls::call_helper(JavaValue*, methodHandle const&, JavaCallArguments*, Thread*)+0x3c2
V  [libjvm.so+0x945867]  jni_invoke_static(JNIEnv_*, JavaValue*, _jobject*, JNICallType, _jmethodID*, JNI_ArgumentPusher*, Thread*) [clone .isra.89]+0x227
V  [libjvm.so+0x94a0c1]  jni_CallStaticVoidMethod+0x171
C  [libjli.so+0x526f]  JavaMain+0xa8f

Java frames: (J=compiled Java code, j=interpreted, Vv=VM code)
j  cTools.KernelWrapper.execv(Ljava/lang/String;[Ljava/lang/String;)I+0
j  shell.Executor.execute(Ljava/util/List;)I+116
j  shell.Main.main([Ljava/lang/String;)V+31
v  ~StubRoutines::call_stub

siginfo: si_signo: 11 (SIGSEGV), si_code: 1 (SEGV_MAPERR), si_addr: 0x0000000000000000

Register to memory mapping:

RAX=0x00007f461482bf40: <offset 0x00000000005cbf40> in /home/jonas/.jdks/azul-11.0.11/lib/server/libjvm.so at 0x00007f4614260000
RBX=0x00007f4610018800 is a thread
RCX=0x00007f4610018b48 points into unknown readable memory: 0x00007f461578ec80 | 80 ec 78 15 46 7f 00 00
RDX=0x00007f46147765e0: <offset 0x00000000005165e0> in /home/jonas/.jdks/azul-11.0.11/lib/server/libjvm.so at 0x00007f4614260000
RSP=0x00007f461410f6f0 is pointing into the stack for thread: 0x00007f4610018800
RBP=0x00007f461410f790 is pointing into the stack for thread: 0x00007f4610018800
RSI=0x0 is NULL
RDI=0x0 is NULL
R8 ={method} {0x00007f45d415dc60} 'execv' '(Ljava/lang/String;[Ljava/lang/String;)I' in 'cTools/KernelWrapper'
R9 =0x0000000000000008 is an unknown value
R10=0x00007f45f7b6c661 is at code_begin+897 in an Interpreter codelet
method entry point (kind = native)  [0x00007f45f7b6c2e0, 0x00007f45f7b6cc60]  2432 bytes
R11=0x0000000628fbe5d0 is an oop: java.lang.Class 
{0x0000000628fbe5d0} - klass: 'java/lang/Class'
R12=0x0 is NULL
R13=0x0 is NULL
R14=0x00007f4610018b48 points into unknown readable memory: 0x00007f461578ec80 | 80 ec 78 15 46 7f 00 00
R15=0x00007f4610018800 is a thread


Registers:
RAX=0x00007f461482bf40, RBX=0x00007f4610018800, RCX=0x00007f4610018b48, RDX=0x00007f46147765e0
RSP=0x00007f461410f6f0, RBP=0x00007f461410f790, RSI=0x0000000000000000, RDI=0x0000000000000000
R8 =0x00007f45d415dc60, R9 =0x0000000000000008, R10=0x00007f45f7b6c661, R11=0x0000000628fbe5d0
R12=0x0000000000000000, R13=0x0000000000000000, R14=0x00007f4610018b48, R15=0x00007f4610018800
RIP=0x00007f461482bf41, EFLAGS=0x0000000000010246, CSGSFS=0x002b000000000033, ERR=0x0000000000000004
  TRAPNO=0x000000000000000e

Top of Stack: (sp=0x00007f461410f6f0)
0x00007f461410f6f0:   00007f461410f790 00007f4614bb3c0f
0x00007f461410f700:   00007f4610018800 0000000000000000
0x00007f461410f710:   00007f4610018800 0000000000000000
0x00007f461410f720:   0000000000000000 0000000000000000 

Instructions: (pc=0x00007f461482bf41)
0x00007f461482be41:   d9 9d 00 48 63 14 90 48 01 d0 ff e0 0f 1f 00 48
0x00007f461482be51:   8d 05 99 fc ff ff 66 0f 1f 84 00 00 00 00 00 48
0x00007f461482be61:   89 05 51 0b f6 00 48 83 c4 08 48 89 df 5b 5d ff
0x00007f461482be71:   e0 66 0f 1f 44 00 00 48 8d 05 81 fc ff ff eb df
0x00007f461482be81:   0f 1f 80 00 00 00 00 48 8d 05 01 01 00 00 eb cf
0x00007f461482be91:   0f 1f 80 00 00 00 00 48 8d 05 21 01 00 00 eb bf
0x00007f461482bea1:   0f 1f 80 00 00 00 00 48 8d 05 b1 04 00 00 eb af
0x00007f461482beb1:   0f 1f 80 00 00 00 00 48 8d 05 11 fc ff ff eb 9f
0x00007f461482bec1:   0f 1f 80 00 00 00 00 48 8d 05 41 fc ff ff eb 8f
0x00007f461482bed1:   0f 1f 80 00 00 00 00 48 8d 05 41 02 00 00 e9 7c
0x00007f461482bee1:   ff ff ff 0f 1f 40 00 48 8d 05 71 00 00 00 e9 6c
0x00007f461482bef1:   ff ff ff 0f 1f 40 00 48 8d 05 e1 fb ff ff e9 5c
0x00007f461482bf01:   ff ff ff 0f 1f 40 00 48 8d 05 79 0c f6 00 48 8d
0x00007f461482bf11:   15 3a a8 9b 00 48 8d 3d 6b a8 9b 00 be ef 00 00
0x00007f461482bf21:   00 48 8b 00 c6 00 58 31 c0 e8 71 3f 11 00 e8 1c
0x00007f461482bf31:   72 68 00 31 c0 e9 25 ff ff ff 0f 1f 44 00 00 55
0x00007f461482bf41:   48 8b 07 48 89 e5 5d c3 0f 1f 80 00 00 00 00 55
0x00007f461482bf51:   48 8b 07 48 89 e5 5d c3 0f 1f 80 00 00 00 00 55
0x00007f461482bf61:   48 89 e5 53 48 83 ec 08 48 8b 1f 48 85 db 74 08
0x00007f461482bf71:   48 89 df e8 77 ff 1d 00 48 83 c4 08 48 89 d8 5b
0x00007f461482bf81:   5d c3 66 2e 0f 1f 84 00 00 00 00 00 0f 1f 00 55
0x00007f461482bf91:   48 89 e5 53 48 83 ec 08 48 8b 1f 48 85 db 74 08
0x00007f461482bfa1:   48 89 df e8 47 ff 1d 00 48 83 c4 08 48 89 d8 5b
0x00007f461482bfb1:   5d c3 66 2e 0f 1f 84 00 00 00 00 00 0f 1f 00 55
0x00007f461482bfc1:   48 89 e5 41 54 53 48 8b 37 48 85 f6 0f 84 0d 01
0x00007f461482bfd1:   00 00 48 8d 05 96 05 fa 00 4c 8b 20 4c 89 e7 e8
0x00007f461482bfe1:   bb 8e 77 00 48 85 c0 48 89 c3 0f 84 ef 00 00 00
0x00007f461482bff1:   48 8d 05 2b 19 f6 00 80 38 00 0f 84 cf 00 00 00
0x00007f461482c001:   49 8b 44 24 30 0f b6 80 d8 02 00 00 a8 02 0f 84
0x00007f461482c011:   bb 00 00 00 49 8b 44 24 30 48 8b 90 c0 08 00 00
0x00007f461482c021:   48 8d 05 c0 9d fc 00 48 8b 08 48 89 d8 48 d3 e8
0x00007f461482c031:   48 89 c1 48 8b 42 48 48 3b 1c c8 0f 83 8e 00 00 


Stack slot to memory mapping:
stack at sp + 0 slots: 0x00007f461410f790 is pointing into the stack for thread: 0x00007f4610018800
stack at sp + 1 slots: 0x00007f4614bb3c0f: <offset 0x0000000000953c0f> in /home/jonas/.jdks/azul-11.0.11/lib/server/libjvm.so at 0x00007f4614260000
stack at sp + 2 slots: 0x00007f4610018800 is a thread
stack at sp + 3 slots: 0x0 is NULL
stack at sp + 4 slots: 0x00007f4610018800 is a thread
stack at sp + 5 slots: 0x0 is NULL
stack at sp + 6 slots: 0x0 is NULL
stack at sp + 7 slots: 0x0 is NULL


---------------  P R O C E S S  ---------------

Threads class SMR info:
_java_thread_list=0x00007f459c01a160, length=11, elements={
0x00007f4610018800, 0x00007f461031e000, 0x00007f4610322000, 0x00007f4610336800,
0x00007f4610338800, 0x00007f461033b000, 0x00007f461033d000, 0x00007f461033f000,
0x00007f46103ea800, 0x00007f46106a0800, 0x00007f45b4001000
}

Java Threads: ( => current thread )
=>0x00007f4610018800 JavaThread "main" [_thread_in_vm, id=33850, stack(0x00007f4614010000,0x00007f4614111000)]
  0x00007f461031e000 JavaThread "Reference Handler" daemon [_thread_blocked, id=33867, stack(0x00007f45d63e9000,0x00007f45d64ea000)]
  0x00007f4610322000 JavaThread "Finalizer" daemon [_thread_blocked, id=33868, stack(0x00007f45d62e8000,0x00007f45d63e9000)]
  0x00007f4610336800 JavaThread "Signal Dispatcher" daemon [_thread_blocked, id=33870, stack(0x00007f45d52e8000,0x00007f45d53e9000)]
  0x00007f4610338800 JavaThread "Service Thread" daemon [_thread_blocked, id=33871, stack(0x00007f45d51e7000,0x00007f45d52e8000)]
  0x00007f461033b000 JavaThread "C2 CompilerThread0" daemon [_thread_blocked, id=33872, stack(0x00007f45d50e6000,0x00007f45d51e7000)]
  0x00007f461033d000 JavaThread "C1 CompilerThread0" daemon [_thread_in_vm, id=33873, stack(0x00007f45d4fe5000,0x00007f45d50e6000)]
  0x00007f461033f000 JavaThread "Sweeper thread" daemon [_thread_blocked, id=33874, stack(0x00007f45d4ee4000,0x00007f45d4fe5000)]
  0x00007f46103ea800 JavaThread "Common-Cleaner" daemon [_thread_blocked, id=33878, stack(0x00007f45d4de3000,0x00007f45d4ee4000)]
  0x00007f46106a0800 JavaThread "Monitor Ctrl-Break" daemon [_thread_in_native, id=33882, stack(0x00007f45d46b6000,0x00007f45d47b7000)]
  0x00007f45b4001000 JavaThread "Attach Listener" daemon [_thread_blocked, id=33909, stack(0x00007f45d42b0000,0x00007f45d43b1000)]

Other Threads:
  0x00007f4610315800 VMThread "VM Thread" [stack: 0x00007f45d64ec000,0x00007f45d65ec000] [id=33866]
  0x00007f46106a2000 WatcherThread [stack: 0x00007f45d45b6000,0x00007f45d46b6000] [id=33883]
  0x00007f4610032000 GCTaskThread "GC Thread#0" [stack: 0x00007f45f787b000,0x00007f45f797b000] [id=33853]
  0x00007f461006e000 ConcurrentGCThread "G1 Main Marker" [stack: 0x00007f45f4876000,0x00007f45f4976000] [id=33855]
  0x00007f4610070000 ConcurrentGCThread "G1 Conc#0" [stack: 0x00007f45f4774000,0x00007f45f4874000] [id=33856]
  0x00007f4610246800 ConcurrentGCThread "G1 Refine#0" [stack: 0x00007f45d6ef0000,0x00007f45d6ff0000] [id=33857]
  0x00007f4610248000 ConcurrentGCThread "G1 Young RemSet Sampling" [stack: 0x00007f45d6dee000,0x00007f45d6eee000] [id=33858]

Threads with active compile tasks:
C1 CompilerThread0 236875  760       3       java.util.regex.Pattern::isSupplementary (20 bytes)

VM state:not at safepoint (normal execution)

VM Mutex/Monitor currently owned by a thread: None

Heap address: 0x000000060a200000, size: 8030 MB, Compressed Oops mode: Zero based, Oop shift amount: 3
Narrow klass base: 0x0000000800000000, Narrow klass shift: 0
Compressed class space size: 1073741824 Address: 0x0000000800000000

Heap:
 garbage-first heap   total 514048K, used 10240K [0x000000060a200000, 0x0000000800000000)
  region size 2048K, 6 young (12288K), 0 survivors (0K)
 Metaspace       used 10190K, capacity 10468K, committed 10624K, reserved 1058816K
  class space    used 948K, capacity 1045K, committed 1152K, reserved 1048576K
Heap Regions: E=young(eden), S=young(survivor), O=old, HS=humongous(starts), HC=humongous(continues), CS=collection set, F=free, A=archive, TAMS=top-at-mark-start (previous, next)
|   0|0x000000060a200000, 0x000000060a200000, 0x000000060a400000|  0%| F|  |TAMS 0x000000060a200000, 0x000000060a200000| Untracked 
|   1|0x000000060a400000, 0x000000060a400000, 0x000000060a600000|  0%| F|  |TAMS 0x000000060a400000, 0x000000060a400000| Untracked 
|   2|0x000000060a600000, 0x000000060a600000, 0x000000060a800000|  0%| F|  |TAMS 0x000000060a600000, 0x000000060a600000| Untracked 
|   3|0x000000060a800000, 0x000000060a800000, 0x000000060aa00000|  0%| F|  |TAMS 0x000000060a800000, 0x000000060a800000| Untracked 
|   4|0x000000060aa00000, 0x000000060aa00000, 0x000000060ac00000|  0%| F|  |TAMS 0x000000060aa00000, 0x000000060aa00000| Untracked 
|   5|0x000000060ac00000, 0x000000060ac00000, 0x000000060ae00000|  0%| F|  |TAMS 0x000000060ac00000, 0x000000060ac00000| Untracked 
|   6|0x000000060ae00000, 0x000000060ae00000, 0x000000060b000000|  0%| F|  |TAMS 0x000000060ae00000, 0x000000060ae00000| Untracked 
|   7|0x000000060b000000, 0x000000060b000000, 0x000000060b200000|  0%| F|  |TAMS 0x000000060b000000, 0x000000060b000000| Untracked 
|   8|0x000000060b200000, 0x000000060b200000, 0x000000060b400000|  0%| F|  |TAMS 0x000000060b200000, 0x000000060b200000| Untracked 
|   9|0x000000060b400000, 0x000000060b400000, 0x000000060b600000|  0%| F|  |TAMS 0x000000060b400000, 0x000000060b400000| Untracked 
|  10|0x000000060b600000, 0x000000060b600000, 0x000000060b800000|  0%| F|  |TAMS 0x000000060b600000, 0x000000060b600000| Untracked 
|  11|0x000000060b800000, 0x000000060b800000, 0x000000060ba00000|  0%| F|  |TAMS 0x000000060b800000, 0x000000060b800000| Untracked 
|  12|0x000000060ba00000, 0x000000060ba00000, 0x000000060bc00000|  0%| F|  |TAMS 0x000000060ba00000, 0x000000060ba00000| Untracked 
|  13|0x000000060bc00000, 0x000000060bc00000, 0x000000060be00000|  0%| F|  |TAMS 0x000000060bc00000, 0x000000060bc00000| Untracked 
|  14|0x000000060be00000, 0x000000060be00000, 0x000000060c000000|  0%| F|  |TAMS 0x000000060be00000, 0x000000060be00000| Untracked 
|  15|0x000000060c000000, 0x000000060c000000, 0x000000060c200000|  0%| F|  |TAMS 0x000000060c000000, 0x000000060c000000| Untracked 
|  16|0x000000060c200000, 0x000000060c200000, 0x000000060c400000|  0%| F|  |TAMS 0x000000060c200000, 0x000000060c200000| Untracked 
|  17|0x000000060c400000, 0x000000060c400000, 0x000000060c600000|  0%| F|  |TAMS 0x000000060c400000, 0x000000060c400000| Untracked 
|  18|0x000000060c600000, 0x000000060c600000, 0x000000060c800000|  0%| F|  |TAMS 0x000000060c600000, 0x000000060c600000| Untracked 
|  19|0x000000060c800000, 0x000000060c800000, 0x000000060ca00000|  0%| F|  |TAMS 0x000000060c800000, 0x000000060c800000| Untracked 
|  20|0x000000060ca00000, 0x000000060ca00000, 0x000000060cc00000|  0%| F|  |TAMS 0x000000060ca00000, 0x000000060ca00000| Untracked 
|  21|0x000000060cc00000, 0x000000060cc00000, 0x000000060ce00000|  0%| F|  |TAMS 0x000000060cc00000, 0x000000060cc00000| Untracked 
|  22|0x000000060ce00000, 0x000000060ce00000, 0x000000060d000000|  0%| F|  |TAMS 0x000000060ce00000, 0x000000060ce00000| Untracked 
|  23|0x000000060d000000, 0x000000060d000000, 0x000000060d200000|  0%| F|  |TAMS 0x000000060d000000, 0x000000060d000000| Untracked 
|  24|0x000000060d200000, 0x000000060d200000, 0x000000060d400000|  0%| F|  |TAMS 0x000000060d200000, 0x000000060d200000| Untracked 
|  25|0x000000060d400000, 0x000000060d400000, 0x000000060d600000|  0%| F|  |TAMS 0x000000060d400000, 0x000000060d400000| Untracked 
|  26|0x000000060d600000, 0x000000060d600000, 0x000000060d800000|  0%| F|  |TAMS 0x000000060d600000, 0x000000060d600000| Untracked 
|  27|0x000000060d800000, 0x000000060d800000, 0x000000060da00000|  0%| F|  |TAMS 0x000000060d800000, 0x000000060d800000| Untracked 
|  28|0x000000060da00000, 0x000000060da00000, 0x000000060dc00000|  0%| F|  |TAMS 0x000000060da00000, 0x000000060da00000| Untracked 
|  29|0x000000060dc00000, 0x000000060dc00000, 0x000000060de00000|  0%| F|  |TAMS 0x000000060dc00000, 0x000000060dc00000| Untracked 
|  30|0x000000060de00000, 0x000000060de00000, 0x000000060e000000|  0%| F|  |TAMS 0x000000060de00000, 0x000000060de00000| Untracked 
|  31|0x000000060e000000, 0x000000060e000000, 0x000000060e200000|  0%| F|  |TAMS 0x000000060e000000, 0x000000060e000000| Untracked 
|  32|0x000000060e200000, 0x000000060e200000, 0x000000060e400000|  0%| F|  |TAMS 0x000000060e200000, 0x000000060e200000| Untracked 
|  33|0x000000060e400000, 0x000000060e400000, 0x000000060e600000|  0%| F|  |TAMS 0x000000060e400000, 0x000000060e400000| Untracked 
|  34|0x000000060e600000, 0x000000060e600000, 0x000000060e800000|  0%| F|  |TAMS 0x000000060e600000, 0x000000060e600000| Untracked 
|  35|0x000000060e800000, 0x000000060e800000, 0x000000060ea00000|  0%| F|  |TAMS 0x000000060e800000, 0x000000060e800000| Untracked 
|  36|0x000000060ea00000, 0x000000060ea00000, 0x000000060ec00000|  0%| F|  |TAMS 0x000000060ea00000, 0x000000060ea00000| Untracked 
|  37|0x000000060ec00000, 0x000000060ec00000, 0x000000060ee00000|  0%| F|  |TAMS 0x000000060ec00000, 0x000000060ec00000| Untracked 
|  38|0x000000060ee00000, 0x000000060ee00000, 0x000000060f000000|  0%| F|  |TAMS 0x000000060ee00000, 0x000000060ee00000| Untracked 
|  39|0x000000060f000000, 0x000000060f000000, 0x000000060f200000|  0%| F|  |TAMS 0x000000060f000000, 0x000000060f000000| Untracked 
|  40|0x000000060f200000, 0x000000060f200000, 0x000000060f400000|  0%| F|  |TAMS 0x000000060f200000, 0x000000060f200000| Untracked 
|  41|0x000000060f400000, 0x000000060f400000, 0x000000060f600000|  0%| F|  |TAMS 0x000000060f400000, 0x000000060f400000| Untracked 
|  42|0x000000060f600000, 0x000000060f600000, 0x000000060f800000|  0%| F|  |TAMS 0x000000060f600000, 0x000000060f600000| Untracked 
|  43|0x000000060f800000, 0x000000060f800000, 0x000000060fa00000|  0%| F|  |TAMS 0x000000060f800000, 0x000000060f800000| Untracked 
|  44|0x000000060fa00000, 0x000000060fa00000, 0x000000060fc00000|  0%| F|  |TAMS 0x000000060fa00000, 0x000000060fa00000| Untracked 
|  45|0x000000060fc00000, 0x000000060fc00000, 0x000000060fe00000|  0%| F|  |TAMS 0x000000060fc00000, 0x000000060fc00000| Untracked 
|  46|0x000000060fe00000, 0x000000060fe00000, 0x0000000610000000|  0%| F|  |TAMS 0x000000060fe00000, 0x000000060fe00000| Untracked 
|  47|0x0000000610000000, 0x0000000610000000, 0x0000000610200000|  0%| F|  |TAMS 0x0000000610000000, 0x0000000610000000| Untracked 
|  48|0x0000000610200000, 0x0000000610200000, 0x0000000610400000|  0%| F|  |TAMS 0x0000000610200000, 0x0000000610200000| Untracked 
|  49|0x0000000610400000, 0x0000000610400000, 0x0000000610600000|  0%| F|  |TAMS 0x0000000610400000, 0x0000000610400000| Untracked 
|  50|0x0000000610600000, 0x0000000610600000, 0x0000000610800000|  0%| F|  |TAMS 0x0000000610600000, 0x0000000610600000| Untracked 
|  51|0x0000000610800000, 0x0000000610800000, 0x0000000610a00000|  0%| F|  |TAMS 0x0000000610800000, 0x0000000610800000| Untracked 
|  52|0x0000000610a00000, 0x0000000610a00000, 0x0000000610c00000|  0%| F|  |TAMS 0x0000000610a00000, 0x0000000610a00000| Untracked 
|  53|0x0000000610c00000, 0x0000000610c00000, 0x0000000610e00000|  0%| F|  |TAMS 0x0000000610c00000, 0x0000000610c00000| Untracked 
|  54|0x0000000610e00000, 0x0000000610e00000, 0x0000000611000000|  0%| F|  |TAMS 0x0000000610e00000, 0x0000000610e00000| Untracked 
|  55|0x0000000611000000, 0x0000000611000000, 0x0000000611200000|  0%| F|  |TAMS 0x0000000611000000, 0x0000000611000000| Untracked 
|  56|0x0000000611200000, 0x0000000611200000, 0x0000000611400000|  0%| F|  |TAMS 0x0000000611200000, 0x0000000611200000| Untracked 
|  57|0x0000000611400000, 0x0000000611400000, 0x0000000611600000|  0%| F|  |TAMS 0x0000000611400000, 0x0000000611400000| Untracked 
|  58|0x0000000611600000, 0x0000000611600000, 0x0000000611800000|  0%| F|  |TAMS 0x0000000611600000, 0x0000000611600000| Untracked 
|  59|0x0000000611800000, 0x0000000611800000, 0x0000000611a00000|  0%| F|  |TAMS 0x0000000611800000, 0x0000000611800000| Untracked 
|  60|0x0000000611a00000, 0x0000000611a00000, 0x0000000611c00000|  0%| F|  |TAMS 0x0000000611a00000, 0x0000000611a00000| Untracked 
|  61|0x0000000611c00000, 0x0000000611c00000, 0x0000000611e00000|  0%| F|  |TAMS 0x0000000611c00000, 0x0000000611c00000| Untracked 
|  62|0x0000000611e00000, 0x0000000611e00000, 0x0000000612000000|  0%| F|  |TAMS 0x0000000611e00000, 0x0000000611e00000| Untracked 
|  63|0x0000000612000000, 0x0000000612000000, 0x0000000612200000|  0%| F|  |TAMS 0x0000000612000000, 0x0000000612000000| Untracked 
|  64|0x0000000612200000, 0x0000000612200000, 0x0000000612400000|  0%| F|  |TAMS 0x0000000612200000, 0x0000000612200000| Untracked 
|  65|0x0000000612400000, 0x0000000612400000, 0x0000000612600000|  0%| F|  |TAMS 0x0000000612400000, 0x0000000612400000| Untracked 
|  66|0x0000000612600000, 0x0000000612600000, 0x0000000612800000|  0%| F|  |TAMS 0x0000000612600000, 0x0000000612600000| Untracked 
|  67|0x0000000612800000, 0x0000000612800000, 0x0000000612a00000|  0%| F|  |TAMS 0x0000000612800000, 0x0000000612800000| Untracked 
|  68|0x0000000612a00000, 0x0000000612a00000, 0x0000000612c00000|  0%| F|  |TAMS 0x0000000612a00000, 0x0000000612a00000| Untracked 
|  69|0x0000000612c00000, 0x0000000612c00000, 0x0000000612e00000|  0%| F|  |TAMS 0x0000000612c00000, 0x0000000612c00000| Untracked 
|  70|0x0000000612e00000, 0x0000000612e00000, 0x0000000613000000|  0%| F|  |TAMS 0x0000000612e00000, 0x0000000612e00000| Untracked 
|  71|0x0000000613000000, 0x0000000613000000, 0x0000000613200000|  0%| F|  |TAMS 0x0000000613000000, 0x0000000613000000| Untracked 
|  72|0x0000000613200000, 0x0000000613200000, 0x0000000613400000|  0%| F|  |TAMS 0x0000000613200000, 0x0000000613200000| Untracked 
|  73|0x0000000613400000, 0x0000000613400000, 0x0000000613600000|  0%| F|  |TAMS 0x0000000613400000, 0x0000000613400000| Untracked 
|  74|0x0000000613600000, 0x0000000613600000, 0x0000000613800000|  0%| F|  |TAMS 0x0000000613600000, 0x0000000613600000| Untracked 
|  75|0x0000000613800000, 0x0000000613800000, 0x0000000613a00000|  0%| F|  |TAMS 0x0000000613800000, 0x0000000613800000| Untracked 
|  76|0x0000000613a00000, 0x0000000613a00000, 0x0000000613c00000|  0%| F|  |TAMS 0x0000000613a00000, 0x0000000613a00000| Untracked 
|  77|0x0000000613c00000, 0x0000000613c00000, 0x0000000613e00000|  0%| F|  |TAMS 0x0000000613c00000, 0x0000000613c00000| Untracked 
|  78|0x0000000613e00000, 0x0000000613e00000, 0x0000000614000000|  0%| F|  |TAMS 0x0000000613e00000, 0x0000000613e00000| Untracked 
|  79|0x0000000614000000, 0x0000000614000000, 0x0000000614200000|  0%| F|  |TAMS 0x0000000614000000, 0x0000000614000000| Untracked 
|  80|0x0000000614200000, 0x0000000614200000, 0x0000000614400000|  0%| F|  |TAMS 0x0000000614200000, 0x0000000614200000| Untracked 
|  81|0x0000000614400000, 0x0000000614400000, 0x0000000614600000|  0%| F|  |TAMS 0x0000000614400000, 0x0000000614400000| Untracked 
|  82|0x0000000614600000, 0x0000000614600000, 0x0000000614800000|  0%| F|  |TAMS 0x0000000614600000, 0x0000000614600000| Untracked 
|  83|0x0000000614800000, 0x0000000614800000, 0x0000000614a00000|  0%| F|  |TAMS 0x0000000614800000, 0x0000000614800000| Untracked 
|  84|0x0000000614a00000, 0x0000000614a00000, 0x0000000614c00000|  0%| F|  |TAMS 0x0000000614a00000, 0x0000000614a00000| Untracked 
|  85|0x0000000614c00000, 0x0000000614c00000, 0x0000000614e00000|  0%| F|  |TAMS 0x0000000614c00000, 0x0000000614c00000| Untracked 
|  86|0x0000000614e00000, 0x0000000614e00000, 0x0000000615000000|  0%| F|  |TAMS 0x0000000614e00000, 0x0000000614e00000| Untracked 
|  87|0x0000000615000000, 0x0000000615000000, 0x0000000615200000|  0%| F|  |TAMS 0x0000000615000000, 0x0000000615000000| Untracked 
|  88|0x0000000615200000, 0x0000000615200000, 0x0000000615400000|  0%| F|  |TAMS 0x0000000615200000, 0x0000000615200000| Untracked 
|  89|0x0000000615400000, 0x0000000615400000, 0x0000000615600000|  0%| F|  |TAMS 0x0000000615400000, 0x0000000615400000| Untracked 
|  90|0x0000000615600000, 0x0000000615600000, 0x0000000615800000|  0%| F|  |TAMS 0x0000000615600000, 0x0000000615600000| Untracked 
|  91|0x0000000615800000, 0x0000000615800000, 0x0000000615a00000|  0%| F|  |TAMS 0x0000000615800000, 0x0000000615800000| Untracked 
|  92|0x0000000615a00000, 0x0000000615a00000, 0x0000000615c00000|  0%| F|  |TAMS 0x0000000615a00000, 0x0000000615a00000| Untracked 
|  93|0x0000000615c00000, 0x0000000615c00000, 0x0000000615e00000|  0%| F|  |TAMS 0x0000000615c00000, 0x0000000615c00000| Untracked 
|  94|0x0000000615e00000, 0x0000000615e00000, 0x0000000616000000|  0%| F|  |TAMS 0x0000000615e00000, 0x0000000615e00000| Untracked 
|  95|0x0000000616000000, 0x0000000616000000, 0x0000000616200000|  0%| F|  |TAMS 0x0000000616000000, 0x0000000616000000| Untracked 
|  96|0x0000000616200000, 0x0000000616200000, 0x0000000616400000|  0%| F|  |TAMS 0x0000000616200000, 0x0000000616200000| Untracked 
|  97|0x0000000616400000, 0x0000000616400000, 0x0000000616600000|  0%| F|  |TAMS 0x0000000616400000, 0x0000000616400000| Untracked 
|  98|0x0000000616600000, 0x0000000616600000, 0x0000000616800000|  0%| F|  |TAMS 0x0000000616600000, 0x0000000616600000| Untracked 
|  99|0x0000000616800000, 0x0000000616800000, 0x0000000616a00000|  0%| F|  |TAMS 0x0000000616800000, 0x0000000616800000| Untracked 
| 100|0x0000000616a00000, 0x0000000616a00000, 0x0000000616c00000|  0%| F|  |TAMS 0x0000000616a00000, 0x0000000616a00000| Untracked 
| 101|0x0000000616c00000, 0x0000000616c00000, 0x0000000616e00000|  0%| F|  |TAMS 0x0000000616c00000, 0x0000000616c00000| Untracked 
| 102|0x0000000616e00000, 0x0000000616e00000, 0x0000000617000000|  0%| F|  |TAMS 0x0000000616e00000, 0x0000000616e00000| Untracked 
| 103|0x0000000617000000, 0x0000000617000000, 0x0000000617200000|  0%| F|  |TAMS 0x0000000617000000, 0x0000000617000000| Untracked 
| 104|0x0000000617200000, 0x0000000617200000, 0x0000000617400000|  0%| F|  |TAMS 0x0000000617200000, 0x0000000617200000| Untracked 
| 105|0x0000000617400000, 0x0000000617400000, 0x0000000617600000|  0%| F|  |TAMS 0x0000000617400000, 0x0000000617400000| Untracked 
| 106|0x0000000617600000, 0x0000000617600000, 0x0000000617800000|  0%| F|  |TAMS 0x0000000617600000, 0x0000000617600000| Untracked 
| 107|0x0000000617800000, 0x0000000617800000, 0x0000000617a00000|  0%| F|  |TAMS 0x0000000617800000, 0x0000000617800000| Untracked 
| 108|0x0000000617a00000, 0x0000000617a00000, 0x0000000617c00000|  0%| F|  |TAMS 0x0000000617a00000, 0x0000000617a00000| Untracked 
| 109|0x0000000617c00000, 0x0000000617c00000, 0x0000000617e00000|  0%| F|  |TAMS 0x0000000617c00000, 0x0000000617c00000| Untracked 
| 110|0x0000000617e00000, 0x0000000617e00000, 0x0000000618000000|  0%| F|  |TAMS 0x0000000617e00000, 0x0000000617e00000| Untracked 
| 111|0x0000000618000000, 0x0000000618000000, 0x0000000618200000|  0%| F|  |TAMS 0x0000000618000000, 0x0000000618000000| Untracked 
| 112|0x0000000618200000, 0x0000000618200000, 0x0000000618400000|  0%| F|  |TAMS 0x0000000618200000, 0x0000000618200000| Untracked 
| 113|0x0000000618400000, 0x0000000618400000, 0x0000000618600000|  0%| F|  |TAMS 0x0000000618400000, 0x0000000618400000| Untracked 
| 114|0x0000000618600000, 0x0000000618600000, 0x0000000618800000|  0%| F|  |TAMS 0x0000000618600000, 0x0000000618600000| Untracked 
| 115|0x0000000618800000, 0x0000000618800000, 0x0000000618a00000|  0%| F|  |TAMS 0x0000000618800000, 0x0000000618800000| Untracked 
| 116|0x0000000618a00000, 0x0000000618a00000, 0x0000000618c00000|  0%| F|  |TAMS 0x0000000618a00000, 0x0000000618a00000| Untracked 
| 117|0x0000000618c00000, 0x0000000618c00000, 0x0000000618e00000|  0%| F|  |TAMS 0x0000000618c00000, 0x0000000618c00000| Untracked 
| 118|0x0000000618e00000, 0x0000000618e00000, 0x0000000619000000|  0%| F|  |TAMS 0x0000000618e00000, 0x0000000618e00000| Untracked 
| 119|0x0000000619000000, 0x0000000619000000, 0x0000000619200000|  0%| F|  |TAMS 0x0000000619000000, 0x0000000619000000| Untracked 
| 120|0x0000000619200000, 0x0000000619200000, 0x0000000619400000|  0%| F|  |TAMS 0x0000000619200000, 0x0000000619200000| Untracked 
| 121|0x0000000619400000, 0x0000000619400000, 0x0000000619600000|  0%| F|  |TAMS 0x0000000619400000, 0x0000000619400000| Untracked 
| 122|0x0000000619600000, 0x0000000619600000, 0x0000000619800000|  0%| F|  |TAMS 0x0000000619600000, 0x0000000619600000| Untracked 
| 123|0x0000000619800000, 0x0000000619800000, 0x0000000619a00000|  0%| F|  |TAMS 0x0000000619800000, 0x0000000619800000| Untracked 
| 124|0x0000000619a00000, 0x0000000619a00000, 0x0000000619c00000|  0%| F|  |TAMS 0x0000000619a00000, 0x0000000619a00000| Untracked 
| 125|0x0000000619c00000, 0x0000000619c00000, 0x0000000619e00000|  0%| F|  |TAMS 0x0000000619c00000, 0x0000000619c00000| Untracked 
| 126|0x0000000619e00000, 0x0000000619e00000, 0x000000061a000000|  0%| F|  |TAMS 0x0000000619e00000, 0x0000000619e00000| Untracked 
| 127|0x000000061a000000, 0x000000061a000000, 0x000000061a200000|  0%| F|  |TAMS 0x000000061a000000, 0x000000061a000000| Untracked 
| 128|0x000000061a200000, 0x000000061a200000, 0x000000061a400000|  0%| F|  |TAMS 0x000000061a200000, 0x000000061a200000| Untracked 
| 129|0x000000061a400000, 0x000000061a400000, 0x000000061a600000|  0%| F|  |TAMS 0x000000061a400000, 0x000000061a400000| Untracked 
| 130|0x000000061a600000, 0x000000061a600000, 0x000000061a800000|  0%| F|  |TAMS 0x000000061a600000, 0x000000061a600000| Untracked 
| 131|0x000000061a800000, 0x000000061a800000, 0x000000061aa00000|  0%| F|  |TAMS 0x000000061a800000, 0x000000061a800000| Untracked 
| 132|0x000000061aa00000, 0x000000061aa00000, 0x000000061ac00000|  0%| F|  |TAMS 0x000000061aa00000, 0x000000061aa00000| Untracked 
| 133|0x000000061ac00000, 0x000000061ac00000, 0x000000061ae00000|  0%| F|  |TAMS 0x000000061ac00000, 0x000000061ac00000| Untracked 
| 134|0x000000061ae00000, 0x000000061ae00000, 0x000000061b000000|  0%| F|  |TAMS 0x000000061ae00000, 0x000000061ae00000| Untracked 
| 135|0x000000061b000000, 0x000000061b000000, 0x000000061b200000|  0%| F|  |TAMS 0x000000061b000000, 0x000000061b000000| Untracked 
| 136|0x000000061b200000, 0x000000061b200000, 0x000000061b400000|  0%| F|  |TAMS 0x000000061b200000, 0x000000061b200000| Untracked 
| 137|0x000000061b400000, 0x000000061b400000, 0x000000061b600000|  0%| F|  |TAMS 0x000000061b400000, 0x000000061b400000| Untracked 
| 138|0x000000061b600000, 0x000000061b600000, 0x000000061b800000|  0%| F|  |TAMS 0x000000061b600000, 0x000000061b600000| Untracked 
| 139|0x000000061b800000, 0x000000061b800000, 0x000000061ba00000|  0%| F|  |TAMS 0x000000061b800000, 0x000000061b800000| Untracked 
| 140|0x000000061ba00000, 0x000000061ba00000, 0x000000061bc00000|  0%| F|  |TAMS 0x000000061ba00000, 0x000000061ba00000| Untracked 
| 141|0x000000061bc00000, 0x000000061bc00000, 0x000000061be00000|  0%| F|  |TAMS 0x000000061bc00000, 0x000000061bc00000| Untracked 
| 142|0x000000061be00000, 0x000000061be00000, 0x000000061c000000|  0%| F|  |TAMS 0x000000061be00000, 0x000000061be00000| Untracked 
| 143|0x000000061c000000, 0x000000061c000000, 0x000000061c200000|  0%| F|  |TAMS 0x000000061c000000, 0x000000061c000000| Untracked 
| 144|0x000000061c200000, 0x000000061c200000, 0x000000061c400000|  0%| F|  |TAMS 0x000000061c200000, 0x000000061c200000| Untracked 
| 145|0x000000061c400000, 0x000000061c400000, 0x000000061c600000|  0%| F|  |TAMS 0x000000061c400000, 0x000000061c400000| Untracked 
| 146|0x000000061c600000, 0x000000061c600000, 0x000000061c800000|  0%| F|  |TAMS 0x000000061c600000, 0x000000061c600000| Untracked 
| 147|0x000000061c800000, 0x000000061c800000, 0x000000061ca00000|  0%| F|  |TAMS 0x000000061c800000, 0x000000061c800000| Untracked 
| 148|0x000000061ca00000, 0x000000061ca00000, 0x000000061cc00000|  0%| F|  |TAMS 0x000000061ca00000, 0x000000061ca00000| Untracked 
| 149|0x000000061cc00000, 0x000000061cc00000, 0x000000061ce00000|  0%| F|  |TAMS 0x000000061cc00000, 0x000000061cc00000| Untracked 
| 150|0x000000061ce00000, 0x000000061ce00000, 0x000000061d000000|  0%| F|  |TAMS 0x000000061ce00000, 0x000000061ce00000| Untracked 
| 151|0x000000061d000000, 0x000000061d000000, 0x000000061d200000|  0%| F|  |TAMS 0x000000061d000000, 0x000000061d000000| Untracked 
| 152|0x000000061d200000, 0x000000061d200000, 0x000000061d400000|  0%| F|  |TAMS 0x000000061d200000, 0x000000061d200000| Untracked 
| 153|0x000000061d400000, 0x000000061d400000, 0x000000061d600000|  0%| F|  |TAMS 0x000000061d400000, 0x000000061d400000| Untracked 
| 154|0x000000061d600000, 0x000000061d600000, 0x000000061d800000|  0%| F|  |TAMS 0x000000061d600000, 0x000000061d600000| Untracked 
| 155|0x000000061d800000, 0x000000061d800000, 0x000000061da00000|  0%| F|  |TAMS 0x000000061d800000, 0x000000061d800000| Untracked 
| 156|0x000000061da00000, 0x000000061da00000, 0x000000061dc00000|  0%| F|  |TAMS 0x000000061da00000, 0x000000061da00000| Untracked 
| 157|0x000000061dc00000, 0x000000061dc00000, 0x000000061de00000|  0%| F|  |TAMS 0x000000061dc00000, 0x000000061dc00000| Untracked 
| 158|0x000000061de00000, 0x000000061de00000, 0x000000061e000000|  0%| F|  |TAMS 0x000000061de00000, 0x000000061de00000| Untracked 
| 159|0x000000061e000000, 0x000000061e000000, 0x000000061e200000|  0%| F|  |TAMS 0x000000061e000000, 0x000000061e000000| Untracked 
| 160|0x000000061e200000, 0x000000061e200000, 0x000000061e400000|  0%| F|  |TAMS 0x000000061e200000, 0x000000061e200000| Untracked 
| 161|0x000000061e400000, 0x000000061e400000, 0x000000061e600000|  0%| F|  |TAMS 0x000000061e400000, 0x000000061e400000| Untracked 
| 162|0x000000061e600000, 0x000000061e600000, 0x000000061e800000|  0%| F|  |TAMS 0x000000061e600000, 0x000000061e600000| Untracked 
| 163|0x000000061e800000, 0x000000061e800000, 0x000000061ea00000|  0%| F|  |TAMS 0x000000061e800000, 0x000000061e800000| Untracked 
| 164|0x000000061ea00000, 0x000000061ea00000, 0x000000061ec00000|  0%| F|  |TAMS 0x000000061ea00000, 0x000000061ea00000| Untracked 
| 165|0x000000061ec00000, 0x000000061ec00000, 0x000000061ee00000|  0%| F|  |TAMS 0x000000061ec00000, 0x000000061ec00000| Untracked 
| 166|0x000000061ee00000, 0x000000061ee00000, 0x000000061f000000|  0%| F|  |TAMS 0x000000061ee00000, 0x000000061ee00000| Untracked 
| 167|0x000000061f000000, 0x000000061f000000, 0x000000061f200000|  0%| F|  |TAMS 0x000000061f000000, 0x000000061f000000| Untracked 
| 168|0x000000061f200000, 0x000000061f200000, 0x000000061f400000|  0%| F|  |TAMS 0x000000061f200000, 0x000000061f200000| Untracked 
| 169|0x000000061f400000, 0x000000061f400000, 0x000000061f600000|  0%| F|  |TAMS 0x000000061f400000, 0x000000061f400000| Untracked 
| 170|0x000000061f600000, 0x000000061f600000, 0x000000061f800000|  0%| F|  |TAMS 0x000000061f600000, 0x000000061f600000| Untracked 
| 171|0x000000061f800000, 0x000000061f800000, 0x000000061fa00000|  0%| F|  |TAMS 0x000000061f800000, 0x000000061f800000| Untracked 
| 172|0x000000061fa00000, 0x000000061fa00000, 0x000000061fc00000|  0%| F|  |TAMS 0x000000061fa00000, 0x000000061fa00000| Untracked 
| 173|0x000000061fc00000, 0x000000061fc00000, 0x000000061fe00000|  0%| F|  |TAMS 0x000000061fc00000, 0x000000061fc00000| Untracked 
| 174|0x000000061fe00000, 0x000000061fe00000, 0x0000000620000000|  0%| F|  |TAMS 0x000000061fe00000, 0x000000061fe00000| Untracked 
| 175|0x0000000620000000, 0x0000000620000000, 0x0000000620200000|  0%| F|  |TAMS 0x0000000620000000, 0x0000000620000000| Untracked 
| 176|0x0000000620200000, 0x0000000620200000, 0x0000000620400000|  0%| F|  |TAMS 0x0000000620200000, 0x0000000620200000| Untracked 
| 177|0x0000000620400000, 0x0000000620400000, 0x0000000620600000|  0%| F|  |TAMS 0x0000000620400000, 0x0000000620400000| Untracked 
| 178|0x0000000620600000, 0x0000000620600000, 0x0000000620800000|  0%| F|  |TAMS 0x0000000620600000, 0x0000000620600000| Untracked 
| 179|0x0000000620800000, 0x0000000620800000, 0x0000000620a00000|  0%| F|  |TAMS 0x0000000620800000, 0x0000000620800000| Untracked 
| 180|0x0000000620a00000, 0x0000000620a00000, 0x0000000620c00000|  0%| F|  |TAMS 0x0000000620a00000, 0x0000000620a00000| Untracked 
| 181|0x0000000620c00000, 0x0000000620c00000, 0x0000000620e00000|  0%| F|  |TAMS 0x0000000620c00000, 0x0000000620c00000| Untracked 
| 182|0x0000000620e00000, 0x0000000620e00000, 0x0000000621000000|  0%| F|  |TAMS 0x0000000620e00000, 0x0000000620e00000| Untracked 
| 183|0x0000000621000000, 0x0000000621000000, 0x0000000621200000|  0%| F|  |TAMS 0x0000000621000000, 0x0000000621000000| Untracked 
| 184|0x0000000621200000, 0x0000000621200000, 0x0000000621400000|  0%| F|  |TAMS 0x0000000621200000, 0x0000000621200000| Untracked 
| 185|0x0000000621400000, 0x0000000621400000, 0x0000000621600000|  0%| F|  |TAMS 0x0000000621400000, 0x0000000621400000| Untracked 
| 186|0x0000000621600000, 0x0000000621600000, 0x0000000621800000|  0%| F|  |TAMS 0x0000000621600000, 0x0000000621600000| Untracked 
| 187|0x0000000621800000, 0x0000000621800000, 0x0000000621a00000|  0%| F|  |TAMS 0x0000000621800000, 0x0000000621800000| Untracked 
| 188|0x0000000621a00000, 0x0000000621a00000, 0x0000000621c00000|  0%| F|  |TAMS 0x0000000621a00000, 0x0000000621a00000| Untracked 
| 189|0x0000000621c00000, 0x0000000621c00000, 0x0000000621e00000|  0%| F|  |TAMS 0x0000000621c00000, 0x0000000621c00000| Untracked 
| 190|0x0000000621e00000, 0x0000000621e00000, 0x0000000622000000|  0%| F|  |TAMS 0x0000000621e00000, 0x0000000621e00000| Untracked 
| 191|0x0000000622000000, 0x0000000622000000, 0x0000000622200000|  0%| F|  |TAMS 0x0000000622000000, 0x0000000622000000| Untracked 
| 192|0x0000000622200000, 0x0000000622200000, 0x0000000622400000|  0%| F|  |TAMS 0x0000000622200000, 0x0000000622200000| Untracked 
| 193|0x0000000622400000, 0x0000000622400000, 0x0000000622600000|  0%| F|  |TAMS 0x0000000622400000, 0x0000000622400000| Untracked 
| 194|0x0000000622600000, 0x0000000622600000, 0x0000000622800000|  0%| F|  |TAMS 0x0000000622600000, 0x0000000622600000| Untracked 
| 195|0x0000000622800000, 0x0000000622800000, 0x0000000622a00000|  0%| F|  |TAMS 0x0000000622800000, 0x0000000622800000| Untracked 
| 196|0x0000000622a00000, 0x0000000622a00000, 0x0000000622c00000|  0%| F|  |TAMS 0x0000000622a00000, 0x0000000622a00000| Untracked 
| 197|0x0000000622c00000, 0x0000000622c00000, 0x0000000622e00000|  0%| F|  |TAMS 0x0000000622c00000, 0x0000000622c00000| Untracked 
| 198|0x0000000622e00000, 0x0000000622e00000, 0x0000000623000000|  0%| F|  |TAMS 0x0000000622e00000, 0x0000000622e00000| Untracked 
| 199|0x0000000623000000, 0x0000000623000000, 0x0000000623200000|  0%| F|  |TAMS 0x0000000623000000, 0x0000000623000000| Untracked 
| 200|0x0000000623200000, 0x0000000623200000, 0x0000000623400000|  0%| F|  |TAMS 0x0000000623200000, 0x0000000623200000| Untracked 
| 201|0x0000000623400000, 0x0000000623400000, 0x0000000623600000|  0%| F|  |TAMS 0x0000000623400000, 0x0000000623400000| Untracked 
| 202|0x0000000623600000, 0x0000000623600000, 0x0000000623800000|  0%| F|  |TAMS 0x0000000623600000, 0x0000000623600000| Untracked 
| 203|0x0000000623800000, 0x0000000623800000, 0x0000000623a00000|  0%| F|  |TAMS 0x0000000623800000, 0x0000000623800000| Untracked 
| 204|0x0000000623a00000, 0x0000000623a00000, 0x0000000623c00000|  0%| F|  |TAMS 0x0000000623a00000, 0x0000000623a00000| Untracked 
| 205|0x0000000623c00000, 0x0000000623c00000, 0x0000000623e00000|  0%| F|  |TAMS 0x0000000623c00000, 0x0000000623c00000| Untracked 
| 206|0x0000000623e00000, 0x0000000623e00000, 0x0000000624000000|  0%| F|  |TAMS 0x0000000623e00000, 0x0000000623e00000| Untracked 
| 207|0x0000000624000000, 0x0000000624000000, 0x0000000624200000|  0%| F|  |TAMS 0x0000000624000000, 0x0000000624000000| Untracked 
| 208|0x0000000624200000, 0x0000000624200000, 0x0000000624400000|  0%| F|  |TAMS 0x0000000624200000, 0x0000000624200000| Untracked 
| 209|0x0000000624400000, 0x0000000624400000, 0x0000000624600000|  0%| F|  |TAMS 0x0000000624400000, 0x0000000624400000| Untracked 
| 210|0x0000000624600000, 0x0000000624600000, 0x0000000624800000|  0%| F|  |TAMS 0x0000000624600000, 0x0000000624600000| Untracked 
| 211|0x0000000624800000, 0x0000000624800000, 0x0000000624a00000|  0%| F|  |TAMS 0x0000000624800000, 0x0000000624800000| Untracked 
| 212|0x0000000624a00000, 0x0000000624a00000, 0x0000000624c00000|  0%| F|  |TAMS 0x0000000624a00000, 0x0000000624a00000| Untracked 
| 213|0x0000000624c00000, 0x0000000624c00000, 0x0000000624e00000|  0%| F|  |TAMS 0x0000000624c00000, 0x0000000624c00000| Untracked 
| 214|0x0000000624e00000, 0x0000000624e00000, 0x0000000625000000|  0%| F|  |TAMS 0x0000000624e00000, 0x0000000624e00000| Untracked 
| 215|0x0000000625000000, 0x0000000625000000, 0x0000000625200000|  0%| F|  |TAMS 0x0000000625000000, 0x0000000625000000| Untracked 
| 216|0x0000000625200000, 0x0000000625200000, 0x0000000625400000|  0%| F|  |TAMS 0x0000000625200000, 0x0000000625200000| Untracked 
| 217|0x0000000625400000, 0x0000000625400000, 0x0000000625600000|  0%| F|  |TAMS 0x0000000625400000, 0x0000000625400000| Untracked 
| 218|0x0000000625600000, 0x0000000625600000, 0x0000000625800000|  0%| F|  |TAMS 0x0000000625600000, 0x0000000625600000| Untracked 
| 219|0x0000000625800000, 0x0000000625800000, 0x0000000625a00000|  0%| F|  |TAMS 0x0000000625800000, 0x0000000625800000| Untracked 
| 220|0x0000000625a00000, 0x0000000625a00000, 0x0000000625c00000|  0%| F|  |TAMS 0x0000000625a00000, 0x0000000625a00000| Untracked 
| 221|0x0000000625c00000, 0x0000000625c00000, 0x0000000625e00000|  0%| F|  |TAMS 0x0000000625c00000, 0x0000000625c00000| Untracked 
| 222|0x0000000625e00000, 0x0000000625e00000, 0x0000000626000000|  0%| F|  |TAMS 0x0000000625e00000, 0x0000000625e00000| Untracked 
| 223|0x0000000626000000, 0x0000000626000000, 0x0000000626200000|  0%| F|  |TAMS 0x0000000626000000, 0x0000000626000000| Untracked 
| 224|0x0000000626200000, 0x0000000626200000, 0x0000000626400000|  0%| F|  |TAMS 0x0000000626200000, 0x0000000626200000| Untracked 
| 225|0x0000000626400000, 0x0000000626400000, 0x0000000626600000|  0%| F|  |TAMS 0x0000000626400000, 0x0000000626400000| Untracked 
| 226|0x0000000626600000, 0x0000000626600000, 0x0000000626800000|  0%| F|  |TAMS 0x0000000626600000, 0x0000000626600000| Untracked 
| 227|0x0000000626800000, 0x0000000626800000, 0x0000000626a00000|  0%| F|  |TAMS 0x0000000626800000, 0x0000000626800000| Untracked 
| 228|0x0000000626a00000, 0x0000000626a00000, 0x0000000626c00000|  0%| F|  |TAMS 0x0000000626a00000, 0x0000000626a00000| Untracked 
| 229|0x0000000626c00000, 0x0000000626c00000, 0x0000000626e00000|  0%| F|  |TAMS 0x0000000626c00000, 0x0000000626c00000| Untracked 
| 230|0x0000000626e00000, 0x0000000626e00000, 0x0000000627000000|  0%| F|  |TAMS 0x0000000626e00000, 0x0000000626e00000| Untracked 
| 231|0x0000000627000000, 0x0000000627000000, 0x0000000627200000|  0%| F|  |TAMS 0x0000000627000000, 0x0000000627000000| Untracked 
| 232|0x0000000627200000, 0x0000000627200000, 0x0000000627400000|  0%| F|  |TAMS 0x0000000627200000, 0x0000000627200000| Untracked 
| 233|0x0000000627400000, 0x0000000627400000, 0x0000000627600000|  0%| F|  |TAMS 0x0000000627400000, 0x0000000627400000| Untracked 
| 234|0x0000000627600000, 0x0000000627600000, 0x0000000627800000|  0%| F|  |TAMS 0x0000000627600000, 0x0000000627600000| Untracked 
| 235|0x0000000627800000, 0x0000000627800000, 0x0000000627a00000|  0%| F|  |TAMS 0x0000000627800000, 0x0000000627800000| Untracked 
| 236|0x0000000627a00000, 0x0000000627a00000, 0x0000000627c00000|  0%| F|  |TAMS 0x0000000627a00000, 0x0000000627a00000| Untracked 
| 237|0x0000000627c00000, 0x0000000627c00000, 0x0000000627e00000|  0%| F|  |TAMS 0x0000000627c00000, 0x0000000627c00000| Untracked 
| 238|0x0000000627e00000, 0x0000000627e00000, 0x0000000628000000|  0%| F|  |TAMS 0x0000000627e00000, 0x0000000627e00000| Untracked 
| 239|0x0000000628000000, 0x0000000628000000, 0x0000000628200000|  0%| F|  |TAMS 0x0000000628000000, 0x0000000628000000| Untracked 
| 240|0x0000000628200000, 0x0000000628200000, 0x0000000628400000|  0%| F|  |TAMS 0x0000000628200000, 0x0000000628200000| Untracked 
| 241|0x0000000628400000, 0x0000000628400000, 0x0000000628600000|  0%| F|  |TAMS 0x0000000628400000, 0x0000000628400000| Untracked 
| 242|0x0000000628600000, 0x0000000628600000, 0x0000000628800000|  0%| F|  |TAMS 0x0000000628600000, 0x0000000628600000| Untracked 
| 243|0x0000000628800000, 0x0000000628800000, 0x0000000628a00000|  0%| F|  |TAMS 0x0000000628800000, 0x0000000628800000| Untracked 
| 244|0x0000000628a00000, 0x0000000628a00000, 0x0000000628c00000|  0%| F|  |TAMS 0x0000000628a00000, 0x0000000628a00000| Untracked 
| 245|0x0000000628c00000, 0x0000000628dec0d0, 0x0000000628e00000| 96%| E|  |TAMS 0x0000000628c00000, 0x0000000628c00000| Complete 
| 246|0x0000000628e00000, 0x0000000629000000, 0x0000000629000000|100%| E|CS|TAMS 0x0000000628e00000, 0x0000000628e00000| Complete 
| 247|0x0000000629000000, 0x0000000629200000, 0x0000000629200000|100%| E|CS|TAMS 0x0000000629000000, 0x0000000629000000| Complete 
| 248|0x0000000629200000, 0x0000000629400000, 0x0000000629400000|100%| E|CS|TAMS 0x0000000629200000, 0x0000000629200000| Complete 
| 249|0x0000000629400000, 0x0000000629600000, 0x0000000629600000|100%| E|CS|TAMS 0x0000000629400000, 0x0000000629400000| Complete 
| 250|0x0000000629600000, 0x0000000629800000, 0x0000000629800000|100%| E|CS|TAMS 0x0000000629600000, 0x0000000629600000| Complete 

Card table byte_map: [0x00007f45ef051000,0x00007f45f0000000] _byte_map_base: 0x00007f45ec000000

Marking Bits (Prev, Next): (CMBitMap*) 0x00007f461005d468, (CMBitMap*) 0x00007f461005d4a0
 Prev Bits: [0x00007f45e632a000, 0x00007f45ee0a2000)
 Next Bits: [0x00007f45de5b2000, 0x00007f45e632a000)

Polling page: 0x00007f4615c8d000

Metaspace:

Usage:
  Non-class:      9,20 MB capacity,     9,03 MB ( 98%) used,   160,53 KB (  2%) free+waste,    20,06 KB ( <1%) overhead. 
      Class:      1,02 MB capacity,   948,38 KB ( 91%) used,    86,87 KB (  8%) free+waste,     9,75 KB ( <1%) overhead. 
       Both:     10,22 MB capacity,     9,95 MB ( 97%) used,   247,40 KB (  2%) free+waste,    29,81 KB ( <1%) overhead. 

Virtual space:
  Non-class space:       10,00 MB reserved,       9,25 MB ( 92%) committed 
      Class space:        1,00 GB reserved,       1,12 MB ( <1%) committed 
             Both:        1,01 GB reserved,      10,38 MB (  1%) committed 

Chunk freelists:
   Non-Class:  49,00 KB
       Class:  11,00 KB
        Both:  60,00 KB

MaxMetaspaceSize: unlimited
CompressedClassSpaceSize: 1,00 GB

CodeHeap 'non-profiled nmethods': size=118884Kb used=226Kb max_used=226Kb free=118657Kb
 bounds [0x00007f45ff744000, 0x00007f45ff9b4000, 0x00007f4606b5d000]
CodeHeap 'profiled nmethods': size=118884Kb used=1146Kb max_used=1146Kb free=117737Kb
 bounds [0x00007f45f832b000, 0x00007f45f859b000, 0x00007f45ff744000]
CodeHeap 'non-nmethods': size=7992Kb used=1085Kb max_used=1663Kb free=6906Kb
 bounds [0x00007f45f7b5d000, 0x00007f45f7dcd000, 0x00007f45f832b000]
 total_blobs=1169 nmethods=766 adapters=316
 compilation: enabled
              stopped_count=0, restarted_count=0
 full_count=0

Compilation events (20 events):
Event: 1,774 Thread 0x00007f461033b000  733       4       java.util.Arrays::copyOfRange (63 bytes)
Event: 1,776 Thread 0x00007f461033b000 nmethod 733 0x00007f45ff77a790 code [0x00007f45ff77a920, 0x00007f45ff77ab58]
Event: 1,776 Thread 0x00007f461033b000  738       4       java.lang.invoke.MethodType::parameterCount (6 bytes)
Event: 1,776 Thread 0x00007f461033b000 nmethod 738 0x00007f45ff77ac90 code [0x00007f45ff77ae20, 0x00007f45ff77ae98]
Event: 1,840 Thread 0x00007f45b0115800  753       1       java.time.zone.ZoneOffsetTransition::getOffsetBefore (5 bytes)
Event: 1,840 Thread 0x00007f45b0115800 nmethod 753 0x00007f45ff77af10 code [0x00007f45ff77b0c0, 0x00007f45ff77b170]
Event: 1,840 Thread 0x00007f461033d000  754       1       java.util.Formatter$Flags::valueOf (5 bytes)
Event: 1,840 Thread 0x00007f461033d000 nmethod 754 0x00007f45ff77b210 code [0x00007f45ff77b3c0, 0x00007f45ff77b470]
Event: 6,686 Thread 0x00007f45b0115800  755       3       java.lang.AbstractStringBuilder::getCoder (15 bytes)
Event: 6,686 Thread 0x00007f45b0115800 nmethod 755 0x00007f45f8447d90 code [0x00007f45f8447f40, 0x00007f45f8448070]
Event: 14,261 Thread 0x00007f461033d000  756       3       java.util.regex.Pattern::peek (26 bytes)
Event: 14,262 Thread 0x00007f461033d000 nmethod 756 0x00007f45f8448110 code [0x00007f45f84482e0, 0x00007f45f8448540]
Event: 14,264 Thread 0x00007f461033d000  757       3       java.util.ArrayList::iterator (9 bytes)
Event: 14,264 Thread 0x00007f461033d000 nmethod 757 0x00007f45f8448690 code [0x00007f45f8448860, 0x00007f45f8448af0]
Event: 14,264 Thread 0x00007f461033d000  758       3       java.util.ArrayList$Itr::<init> (26 bytes)
Event: 14,265 Thread 0x00007f461033d000 nmethod 758 0x00007f45f8448c10 code [0x00007f45f8448dc0, 0x00007f45f8448f90]
Event: 14,265 Thread 0x00007f461033d000  759       3       java.util.stream.Sink$ChainedReference::cancellationRequested (10 bytes)
Event: 14,265 Thread 0x00007f461033d000 nmethod 759 0x00007f45f8449090 code [0x00007f45f8449240, 0x00007f45f8449400]
Event: 236,585 Thread 0x00007f461033d000  760       3       java.util.regex.Pattern::isSupplementary (20 bytes)
Event: 236,585 Thread 0x00007f461033d000 nmethod 760 0x00007f45f8449510 code [0x00007f45f84496c0, 0x00007f45f8449930]

GC Heap History (0 events):
No events

Deoptimization events (20 events):
Event: 1,609 Thread 0x00007f4610018800 DEOPT PACKING pc=0x00007f45ff74cb14 sp=0x00007f461410c2b0
Event: 1,609 Thread 0x00007f4610018800 DEOPT UNPACKING pc=0x00007f45f7b828a5 sp=0x00007f461410c260 mode 2
Event: 1,611 Thread 0x00007f4610018800 Uncommon trap: trap_request=0xffffffc6 fr.pc=0x00007f45ff74cb14 relative=0x0000000000000074
Event: 1,611 Thread 0x00007f4610018800 Uncommon trap: reason=bimorphic_or_optimized_type_check action=maybe_recompile pc=0x00007f45ff74cb14 method=java.util.AbstractCollection.isEmpty()Z @ 1 c2
Event: 1,611 Thread 0x00007f4610018800 DEOPT PACKING pc=0x00007f45ff74cb14 sp=0x00007f461410c2d0
Event: 1,611 Thread 0x00007f4610018800 DEOPT UNPACKING pc=0x00007f45f7b828a5 sp=0x00007f461410c280 mode 2
Event: 1,611 Thread 0x00007f4610018800 Uncommon trap: trap_request=0xffffffc6 fr.pc=0x00007f45ff74cb14 relative=0x0000000000000074
Event: 1,611 Thread 0x00007f4610018800 Uncommon trap: reason=bimorphic_or_optimized_type_check action=maybe_recompile pc=0x00007f45ff74cb14 method=java.util.AbstractCollection.isEmpty()Z @ 1 c2
Event: 1,611 Thread 0x00007f4610018800 DEOPT PACKING pc=0x00007f45ff74cb14 sp=0x00007f461410c0e0
Event: 1,611 Thread 0x00007f4610018800 DEOPT UNPACKING pc=0x00007f45f7b828a5 sp=0x00007f461410c090 mode 2
Event: 1,631 Thread 0x00007f4610018800 DEOPT PACKING pc=0x00007f45f837b904 sp=0x00007f461410c050
Event: 1,631 Thread 0x00007f4610018800 DEOPT UNPACKING pc=0x00007f45f7b8304a sp=0x00007f461410b4c8 mode 0
Event: 1,645 Thread 0x00007f4610018800 DEOPT PACKING pc=0x00007f45f837a6ba sp=0x00007f461410c430
Event: 1,645 Thread 0x00007f4610018800 DEOPT UNPACKING pc=0x00007f45f7b8304a sp=0x00007f461410b8b8 mode 0
Event: 1,647 Thread 0x00007f4610018800 DEOPT PACKING pc=0x00007f45f8376d4f sp=0x00007f461410c1c0
Event: 1,647 Thread 0x00007f4610018800 DEOPT UNPACKING pc=0x00007f45f7b8304a sp=0x00007f461410b668 mode 0
Event: 1,649 Thread 0x00007f4610018800 DEOPT PACKING pc=0x00007f45f8376d4f sp=0x00007f461410c150
Event: 1,649 Thread 0x00007f4610018800 DEOPT UNPACKING pc=0x00007f45f7b8304a sp=0x00007f461410b5f8 mode 0
Event: 1,650 Thread 0x00007f4610018800 DEOPT PACKING pc=0x00007f45f8376d4f sp=0x00007f461410c4d0
Event: 1,650 Thread 0x00007f4610018800 DEOPT UNPACKING pc=0x00007f45f7b8304a sp=0x00007f461410b978 mode 0

Classes redefined (0 events):
No events

Internal exceptions (7 events):
Event: 0,221 Thread 0x00007f4610018800 Exception <a 'java/lang/NoSuchMethodError'{0x000000062930f0f8}: 'java.lang.Object java.lang.invoke.DirectMethodHandle$Holder.invokeStatic(java.lang.Object, int, java.lang.Object)'> (0x000000062930f0f8) thrown at [./src/hotspot/share/interpreter/linkResolver.cpp, line 773]
Event: 0,246 Thread 0x00007f4610018800 Exception <a 'java/lang/NoSuchMethodError'{0x000000062936e5b0}: 'int java.lang.invoke.DirectMethodHandle$Holder.invokeSpecialIFC(java.lang.Object, java.lang.Object, int)'> (0x000000062936e5b0) thrown at [./src/hotspot/share/interpreter/linkResolver.cpp, line 773]
Event: 0,250 Thread 0x00007f4610018800 Exception <a 'java/lang/NoSuchMethodError'{0x000000062937ee50}: 'void java.lang.invoke.DirectMethodHandle$Holder.invokeSpecial(java.lang.Object, java.lang.Object)'> (0x000000062937ee50) thrown at [./src/hotspot/share/interpreter/linkResolver.cpp, line 773]
Event: 1,671 Thread 0x00007f4610018800 Exception <a 'java/lang/NoSuchMethodError'{0x0000000628e77a28}: 'java.lang.Object java.lang.invoke.DirectMethodHandle$Holder.invokeStatic(java.lang.Object, java.lang.Object, java.lang.Object, java.lang.Object, java.lang.Object, java.lang.Object, java.lang.Object, java.lang.Object, java.lang.Object, java.lang.Object, java.lang.Object, java.lang.Object, java.lang.Object, java.lang.Object, java.lang.Object)'> (0x0000000628e77a28) thrown at [./src/hotspot/share/interpreter/linkResolver.cpp, line 773]
Event: 1,673 Thread 0x00007f4610018800 Exception <a 'java/lang/NoSuchMethodError'{0x0000000628e86038}: 'java.lang.Object java.lang.invoke.DirectMethodHandle$Holder.invokeStatic(java.lang.Object, java.lang.Object, java.lang.Object, java.lang.Object, java.lang.Object, java.lang.Object, java.lang.Object, java.lang.Object, java.lang.Object, java.lang.Object, java.lang.Object, java.lang.Object, java.lang.Object, java.lang.Object, java.lang.Object, java.lang.Object)'> (0x0000000628e86038) thrown at [./src/hotspot/share/interpreter/linkResolver.cpp, l
Event: 1,674 Thread 0x00007f4610018800 Exception <a 'java/lang/NoSuchMethodError'{0x0000000628e94400}: 'java.lang.Object java.lang.invoke.DirectMethodHandle$Holder.invokeSpecial(java.lang.Object, java.lang.Object, int, int, java.lang.Object, int, java.lang.Object, java.lang.Object)'> (0x0000000628e94400) thrown at [./src/hotspot/share/interpreter/linkResolver.cpp, line 773]
Event: 1,675 Thread 0x00007f4610018800 Exception <a 'java/lang/NoSuchMethodError'{0x0000000628e97a40}: 'java.lang.Object java.lang.invoke.DelegatingMethodHandle$Holder.reinvoke_L(java.lang.Object, int, int, java.lang.Object, int, java.lang.Object, java.lang.Object)'> (0x0000000628e97a40) thrown at [./src/hotspot/share/interpreter/linkResolver.cpp, line 773]

Events (20 events):
Event: 236,838 loading class java/util/stream/Node$OfPrimitive
Event: 236,839 loading class java/util/stream/Node$OfPrimitive done
Event: 236,839 loading class java/util/stream/Node$OfInt done
Event: 236,839 loading class java/util/stream/Nodes$EmptyNode$OfInt done
Event: 236,839 loading class java/util/stream/Nodes$EmptyNode$OfLong
Event: 236,839 loading class java/util/stream/Node$OfLong
Event: 236,839 loading class java/util/stream/Node$OfLong done
Event: 236,839 loading class java/util/stream/Nodes$EmptyNode$OfLong done
Event: 236,839 loading class java/util/stream/Nodes$EmptyNode$OfDouble
Event: 236,839 loading class java/util/stream/Node$OfDouble
Event: 236,839 loading class java/util/stream/Node$OfDouble done
Event: 236,839 loading class java/util/stream/Nodes$EmptyNode$OfDouble done
Event: 236,839 loading class java/util/stream/Nodes$FixedNodeBuilder
Event: 236,839 loading class java/util/stream/Node$Builder
Event: 236,839 loading class java/util/stream/Node$Builder done
Event: 236,839 loading class java/util/stream/Nodes$ArrayNode
Event: 236,839 loading class java/util/stream/Nodes$ArrayNode done
Event: 236,839 loading class java/util/stream/Nodes$FixedNodeBuilder done
Event: 236,840 loading class my/utils/Utils
Event: 236,840 loading class my/utils/Utils done


Dynamic libraries:
60a200000-629800000 rw-p 00000000 00:00 0 
629800000-800000000 ---p 00000000 00:00 0 
800000000-800100000 rw-p 00000000 00:00 0 
800100000-800120000 rw-p 00000000 00:00 0 
800120000-840000000 ---p 00000000 00:00 0 
559edd600000-559edd601000 r-xp 00000000 103:00 6690190                   /home/jonas/.jdks/azul-11.0.11/bin/java
559edd801000-559edd802000 r--p 00001000 103:00 6690190                   /home/jonas/.jdks/azul-11.0.11/bin/java
559edd802000-559edd803000 rw-p 00002000 103:00 6690190                   /home/jonas/.jdks/azul-11.0.11/bin/java
559ede8d6000-559ede8f7000 rw-p 00000000 00:00 0                          [heap]
7f458c000000-7f458c026000 rw-p 00000000 00:00 0 
7f458c026000-7f4590000000 ---p 00000000 00:00 0 
7f4593a40000-7f4593dfd000 rw-p 00000000 00:00 0 
7f4593dfd000-7f4593dff000 r-xp 00000000 103:00 3019847                   /home/jonas/Projects/Java/NewShell/src/main/java/shell/cTools/libKernelWrapper.so
7f4593dff000-7f4593fff000 ---p 00002000 103:00 3019847                   /home/jonas/Projects/Java/NewShell/src/main/java/shell/cTools/libKernelWrapper.so
7f4593fff000-7f4594000000 rw-p 00002000 103:00 3019847                   /home/jonas/Projects/Java/NewShell/src/main/java/shell/cTools/libKernelWrapper.so
7f4594000000-7f4594021000 rw-p 00000000 00:00 0 
7f4594021000-7f4598000000 ---p 00000000 00:00 0 
7f4598000000-7f4598021000 rw-p 00000000 00:00 0 
7f4598021000-7f459c000000 ---p 00000000 00:00 0 
7f459c000000-7f459c0a6000 rw-p 00000000 00:00 0 
7f459c0a6000-7f45a0000000 ---p 00000000 00:00 0 
7f45a0000000-7f45a0144000 rw-p 00000000 00:00 0 
7f45a0144000-7f45a4000000 ---p 00000000 00:00 0 
7f45a4000000-7f45a4021000 rw-p 00000000 00:00 0 
7f45a4021000-7f45a8000000 ---p 00000000 00:00 0 
7f45a8000000-7f45a8021000 rw-p 00000000 00:00 0 
7f45a8021000-7f45ac000000 ---p 00000000 00:00 0 
7f45ac000000-7f45ac280000 rw-p 00000000 00:00 0 
7f45ac280000-7f45b0000000 ---p 00000000 00:00 0 
7f45b0000000-7f45b0145000 rw-p 00000000 00:00 0 
7f45b0145000-7f45b4000000 ---p 00000000 00:00 0 
7f45b4000000-7f45b4021000 rw-p 00000000 00:00 0 
7f45b4021000-7f45b8000000 ---p 00000000 00:00 0 
7f45b8000000-7f45b8021000 rw-p 00000000 00:00 0 
7f45b8021000-7f45bc000000 ---p 00000000 00:00 0 
7f45bc000000-7f45bc021000 rw-p 00000000 00:00 0 
7f45bc021000-7f45c0000000 ---p 00000000 00:00 0 
7f45c0000000-7f45c0021000 rw-p 00000000 00:00 0 
7f45c0021000-7f45c4000000 ---p 00000000 00:00 0 
7f45c4000000-7f45c4021000 rw-p 00000000 00:00 0 
7f45c4021000-7f45c8000000 ---p 00000000 00:00 0 
7f45c8000000-7f45c8021000 rw-p 00000000 00:00 0 
7f45c8021000-7f45cc000000 ---p 00000000 00:00 0 
7f45cc000000-7f45cc021000 rw-p 00000000 00:00 0 
7f45cc021000-7f45d0000000 ---p 00000000 00:00 0 
7f45d0000000-7f45d0021000 rw-p 00000000 00:00 0 
7f45d0021000-7f45d4000000 ---p 00000000 00:00 0 
7f45d40b0000-7f45d41b0000 rw-p 00000000 00:00 0 
7f45d41b0000-7f45d41f0000 rw-p 00000000 00:00 0 
7f45d41f0000-7f45d42b0000 ---p 00000000 00:00 0 
7f45d42b0000-7f45d42b4000 ---p 00000000 00:00 0 
7f45d42b4000-7f45d43b1000 rw-p 00000000 00:00 0 
7f45d43b1000-7f45d43b3000 r-xp 00000000 103:00 6690306                   /home/jonas/.jdks/azul-11.0.11/lib/libextnet.so
7f45d43b3000-7f45d45b2000 ---p 00002000 103:00 6690306                   /home/jonas/.jdks/azul-11.0.11/lib/libextnet.so
7f45d45b2000-7f45d45b3000 r--p 00001000 103:00 6690306                   /home/jonas/.jdks/azul-11.0.11/lib/libextnet.so
7f45d45b3000-7f45d45b4000 rw-p 00000000 00:00 0 
7f45d45b4000-7f45d45b5000 ---p 00000000 00:00 0 
7f45d45b5000-7f45d46b6000 rw-p 00000000 00:00 0 
7f45d46b6000-7f45d46ba000 ---p 00000000 00:00 0 
7f45d46ba000-7f45d47b7000 rw-p 00000000 00:00 0 
7f45d47b7000-7f45d47ce000 r-xp 00000000 103:00 6690305                   /home/jonas/.jdks/azul-11.0.11/lib/libnet.so
7f45d47ce000-7f45d49cd000 ---p 00017000 103:00 6690305                   /home/jonas/.jdks/azul-11.0.11/lib/libnet.so
7f45d49cd000-7f45d49ce000 r--p 00016000 103:00 6690305                   /home/jonas/.jdks/azul-11.0.11/lib/libnet.so
7f45d49ce000-7f45d49cf000 rw-p 00017000 103:00 6690305                   /home/jonas/.jdks/azul-11.0.11/lib/libnet.so
7f45d49cf000-7f45d49df000 r-xp 00000000 103:00 6690320                   /home/jonas/.jdks/azul-11.0.11/lib/libnio.so
7f45d49df000-7f45d4bdf000 ---p 00010000 103:00 6690320                   /home/jonas/.jdks/azul-11.0.11/lib/libnio.so
7f45d4bdf000-7f45d4be0000 r--p 00010000 103:00 6690320                   /home/jonas/.jdks/azul-11.0.11/lib/libnio.so
7f45d4be0000-7f45d4be1000 rw-p 00011000 103:00 6690320                   /home/jonas/.jdks/azul-11.0.11/lib/libnio.so
7f45d4be1000-7f45d4be5000 ---p 00000000 00:00 0 
7f45d4be5000-7f45d4ce2000 rw-p 00000000 00:00 0 
7f45d4ce2000-7f45d4ce6000 ---p 00000000 00:00 0 
7f45d4ce6000-7f45d4de3000 rw-p 00000000 00:00 0 
7f45d4de3000-7f45d4de7000 ---p 00000000 00:00 0 
7f45d4de7000-7f45d4ee4000 rw-p 00000000 00:00 0 
7f45d4ee4000-7f45d4ee8000 ---p 00000000 00:00 0 
7f45d4ee8000-7f45d4fe5000 rw-p 00000000 00:00 0 
7f45d4fe5000-7f45d4fe9000 ---p 00000000 00:00 0 
7f45d4fe9000-7f45d50e6000 rw-p 00000000 00:00 0 
7f45d50e6000-7f45d50ea000 ---p 00000000 00:00 0 
7f45d50ea000-7f45d51e7000 rw-p 00000000 00:00 0 
7f45d51e7000-7f45d51eb000 ---p 00000000 00:00 0 
7f45d51eb000-7f45d52e8000 rw-p 00000000 00:00 0 
7f45d52e8000-7f45d52ec000 ---p 00000000 00:00 0 
7f45d52ec000-7f45d53e9000 rw-p 00000000 00:00 0 
7f45d53e9000-7f45d62e8000 r--p 00000000 08:31 14552686                   /usr/lib/locale/locale-archive
7f45d62e8000-7f45d62ec000 ---p 00000000 00:00 0 
7f45d62ec000-7f45d63e9000 rw-p 00000000 00:00 0 
7f45d63e9000-7f45d63ed000 ---p 00000000 00:00 0 
7f45d63ed000-7f45d64ea000 rw-p 00000000 00:00 0 
7f45d64ea000-7f45d64eb000 ---p 00000000 00:00 0 
7f45d64eb000-7f45d6dec000 rw-p 00000000 00:00 0 
7f45d6dec000-7f45d6ded000 ---p 00000000 00:00 0 
7f45d6ded000-7f45d6eee000 rw-p 00000000 00:00 0 
7f45d6eee000-7f45d6eef000 ---p 00000000 00:00 0 
7f45d6eef000-7f45d8000000 rw-p 00000000 00:00 0 
7f45d8000000-7f45d8021000 rw-p 00000000 00:00 0 
7f45d8021000-7f45dc000000 ---p 00000000 00:00 0 
7f45dc02c000-7f45ded8a000 rw-p 00000000 00:00 0 
7f45ded8a000-7f45e632a000 ---p 00000000 00:00 0 
7f45e632a000-7f45e6b02000 rw-p 00000000 00:00 0 
7f45e6b02000-7f45ee0a2000 ---p 00000000 00:00 0 
7f45ee0a2000-7f45ee19d000 rw-p 00000000 00:00 0 
7f45ee19d000-7f45ef051000 ---p 00000000 00:00 0 
7f45ef051000-7f45ef14c000 rw-p 00000000 00:00 0 
7f45ef14c000-7f45f0000000 ---p 00000000 00:00 0 
7f45f0000000-7f45f0021000 rw-p 00000000 00:00 0 
7f45f0021000-7f45f4000000 ---p 00000000 00:00 0 
7f45f4010000-7f45f4772000 rw-p 00000000 00:00 0 
7f45f4772000-7f45f4773000 ---p 00000000 00:00 0 
7f45f4773000-7f45f4874000 rw-p 00000000 00:00 0 
7f45f4874000-7f45f4875000 ---p 00000000 00:00 0 
7f45f4875000-7f45f4d6a000 rw-p 00000000 00:00 0 
7f45f4d6a000-7f45f5c1e000 ---p 00000000 00:00 0 
7f45f5c1e000-7f45f7879000 rw-p 00000000 00:00 0 
7f45f7879000-7f45f787a000 ---p 00000000 00:00 0 
7f45f787a000-7f45f7980000 rw-p 00000000 00:00 0 
7f45f7980000-7f45f7a64000 ---p 00000000 00:00 0 
7f45f7a64000-7f45f7a69000 rw-p 00000000 00:00 0 
7f45f7a69000-7f45f7b4d000 ---p 00000000 00:00 0 
7f45f7b4d000-7f45f7b52000 rw-p 00000000 00:00 0 
7f45f7b52000-7f45f7b5d000 ---p 00000000 00:00 0 
7f45f7b5d000-7f45f7dcd000 rwxp 00000000 00:00 0 
7f45f7dcd000-7f45f832b000 ---p 00000000 00:00 0 
7f45f832b000-7f45f859b000 rwxp 00000000 00:00 0 
7f45f859b000-7f45ff744000 ---p 00000000 00:00 0 
7f45ff744000-7f45ff9b4000 rwxp 00000000 00:00 0 
7f45ff9b4000-7f4606b5d000 ---p 00000000 00:00 0 
7f4606b5d000-7f460f57c000 r--s 00000000 103:00 6690322                   /home/jonas/.jdks/azul-11.0.11/lib/modules
7f460f57c000-7f460f583000 r-xp 00000000 103:00 6690336                   /home/jonas/.jdks/azul-11.0.11/lib/libzip.so
7f460f583000-7f460f783000 ---p 00007000 103:00 6690336                   /home/jonas/.jdks/azul-11.0.11/lib/libzip.so
7f460f783000-7f460f784000 r--p 00007000 103:00 6690336                   /home/jonas/.jdks/azul-11.0.11/lib/libzip.so
7f460f784000-7f460f785000 rw-p 00000000 00:00 0 
7f460f785000-7f460f78d000 rw-s 00000000 08:31 15600619                   /tmp/hsperfdata_jonas/33846
7f460f78d000-7f460f797000 r-xp 00000000 103:00 6690309                   /home/jonas/.jdks/azul-11.0.11/lib/libinstrument.so
7f460f797000-7f460f996000 ---p 0000a000 103:00 6690309                   /home/jonas/.jdks/azul-11.0.11/lib/libinstrument.so
7f460f996000-7f460f997000 r--p 00009000 103:00 6690309                   /home/jonas/.jdks/azul-11.0.11/lib/libinstrument.so
7f460f997000-7f460f998000 rw-p 0000a000 103:00 6690309                   /home/jonas/.jdks/azul-11.0.11/lib/libinstrument.so
7f460f998000-7f460f9b2000 r-xp 00000000 103:00 6690325                   /home/jonas/.jdks/azul-11.0.11/lib/libjimage.so
7f460f9b2000-7f460fbb1000 ---p 0001a000 103:00 6690325                   /home/jonas/.jdks/azul-11.0.11/lib/libjimage.so
7f460fbb1000-7f460fbb3000 r--p 00019000 103:00 6690325                   /home/jonas/.jdks/azul-11.0.11/lib/libjimage.so
7f460fbb3000-7f460fbb4000 rw-p 0001b000 103:00 6690325                   /home/jonas/.jdks/azul-11.0.11/lib/libjimage.so
7f460fbb4000-7f460fbc5000 rw-p 00000000 00:00 0 
7f460fbc5000-7f460fbef000 r-xp 00000000 103:00 6690328                   /home/jonas/.jdks/azul-11.0.11/lib/libjava.so
7f460fbef000-7f460fdee000 ---p 0002a000 103:00 6690328                   /home/jonas/.jdks/azul-11.0.11/lib/libjava.so
7f460fdee000-7f460fdef000 r--p 00029000 103:00 6690328                   /home/jonas/.jdks/azul-11.0.11/lib/libjava.so
7f460fdef000-7f460fdf0000 rw-p 0002a000 103:00 6690328                   /home/jonas/.jdks/azul-11.0.11/lib/libjava.so
7f460fdf0000-7f460fdf1000 rw-p 00000000 00:00 0 
7f460fdf1000-7f460fdfe000 r-xp 00000000 103:00 6690342                   /home/jonas/.jdks/azul-11.0.11/lib/libverify.so
7f460fdfe000-7f460fffd000 ---p 0000d000 103:00 6690342                   /home/jonas/.jdks/azul-11.0.11/lib/libverify.so
7f460fffd000-7f460ffff000 rw-p 0000c000 103:00 6690342                   /home/jonas/.jdks/azul-11.0.11/lib/libverify.so
7f460ffff000-7f4610000000 rw-p 00000000 00:00 0 
7f4610000000-7f4610775000 rw-p 00000000 00:00 0 
7f4610775000-7f461079c000 rw-p 00000000 00:00 0 
7f461079c000-7f4614000000 ---p 00000000 00:00 0 
7f4614005000-7f4614008000 r--p 00000000 08:31 15076742                   /usr/lib/x86_64-linux-gnu/librt-2.32.so
7f4614008000-7f461400c000 r-xp 00003000 08:31 15076742                   /usr/lib/x86_64-linux-gnu/librt-2.32.so
7f461400c000-7f461400e000 r--p 00007000 08:31 15076742                   /usr/lib/x86_64-linux-gnu/librt-2.32.so
7f461400e000-7f461400f000 r--p 00008000 08:31 15076742                   /usr/lib/x86_64-linux-gnu/librt-2.32.so
7f461400f000-7f4614010000 rw-p 00009000 08:31 15076742                   /usr/lib/x86_64-linux-gnu/librt-2.32.so
7f4614010000-7f4614014000 ---p 00000000 00:00 0 
7f4614014000-7f4614111000 rw-p 00000000 00:00 0 
7f4614111000-7f4614120000 r--p 00000000 08:31 15076300                   /usr/lib/x86_64-linux-gnu/libm-2.32.so
7f4614120000-7f46141c7000 r-xp 0000f000 08:31 15076300                   /usr/lib/x86_64-linux-gnu/libm-2.32.so
7f46141c7000-7f461425e000 r--p 000b6000 08:31 15076300                   /usr/lib/x86_64-linux-gnu/libm-2.32.so
7f461425e000-7f461425f000 r--p 0014c000 08:31 15076300                   /usr/lib/x86_64-linux-gnu/libm-2.32.so
7f461425f000-7f4614260000 rw-p 0014d000 08:31 15076300                   /usr/lib/x86_64-linux-gnu/libm-2.32.so
7f4614260000-7f46154af000 r-xp 00000000 103:00 6967620                   /home/jonas/.jdks/azul-11.0.11/lib/server/libjvm.so
7f46154af000-7f46156af000 ---p 0124f000 103:00 6967620                   /home/jonas/.jdks/azul-11.0.11/lib/server/libjvm.so
7f46156af000-7f4615788000 r--p 0124f000 103:00 6967620                   /home/jonas/.jdks/azul-11.0.11/lib/server/libjvm.so
7f4615788000-7f46157c3000 rw-p 01328000 103:00 6967620                   /home/jonas/.jdks/azul-11.0.11/lib/server/libjvm.so
7f46157c3000-7f4615831000 rw-p 00000000 00:00 0 
7f4615831000-7f4615857000 r--p 00000000 08:31 15075484                   /usr/lib/x86_64-linux-gnu/libc-2.32.so
7f4615857000-7f46159c4000 r-xp 00026000 08:31 15075484                   /usr/lib/x86_64-linux-gnu/libc-2.32.so
7f46159c4000-7f4615a10000 r--p 00193000 08:31 15075484                   /usr/lib/x86_64-linux-gnu/libc-2.32.so
7f4615a10000-7f4615a11000 ---p 001df000 08:31 15075484                   /usr/lib/x86_64-linux-gnu/libc-2.32.so
7f4615a11000-7f4615a14000 r--p 001df000 08:31 15075484                   /usr/lib/x86_64-linux-gnu/libc-2.32.so
7f4615a14000-7f4615a17000 rw-p 001e2000 08:31 15075484                   /usr/lib/x86_64-linux-gnu/libc-2.32.so
7f4615a17000-7f4615a1b000 rw-p 00000000 00:00 0 
7f4615a1b000-7f4615a1c000 r--p 00000000 08:31 15075643                   /usr/lib/x86_64-linux-gnu/libdl-2.32.so
7f4615a1c000-7f4615a1e000 r-xp 00001000 08:31 15075643                   /usr/lib/x86_64-linux-gnu/libdl-2.32.so
7f4615a1e000-7f4615a1f000 r--p 00003000 08:31 15075643                   /usr/lib/x86_64-linux-gnu/libdl-2.32.so
7f4615a1f000-7f4615a20000 r--p 00003000 08:31 15075643                   /usr/lib/x86_64-linux-gnu/libdl-2.32.so
7f4615a20000-7f4615a21000 rw-p 00004000 08:31 15075643                   /usr/lib/x86_64-linux-gnu/libdl-2.32.so
7f4615a21000-7f4615a30000 r-xp 00000000 103:00 6967624                   /home/jonas/.jdks/azul-11.0.11/lib/jli/libjli.so
7f4615a30000-7f4615c30000 ---p 0000f000 103:00 6967624                   /home/jonas/.jdks/azul-11.0.11/lib/jli/libjli.so
7f4615c30000-7f4615c31000 r--p 0000f000 103:00 6967624                   /home/jonas/.jdks/azul-11.0.11/lib/jli/libjli.so
7f4615c31000-7f4615c32000 rw-p 00010000 103:00 6967624                   /home/jonas/.jdks/azul-11.0.11/lib/jli/libjli.so
7f4615c32000-7f4615c39000 r--p 00000000 08:31 15076687                   /usr/lib/x86_64-linux-gnu/libpthread-2.32.so
7f4615c39000-7f4615c49000 r-xp 00007000 08:31 15076687                   /usr/lib/x86_64-linux-gnu/libpthread-2.32.so
7f4615c49000-7f4615c4e000 r--p 00017000 08:31 15076687                   /usr/lib/x86_64-linux-gnu/libpthread-2.32.so
7f4615c4e000-7f4615c4f000 r--p 0001b000 08:31 15076687                   /usr/lib/x86_64-linux-gnu/libpthread-2.32.so
7f4615c4f000-7f4615c50000 rw-p 0001c000 08:31 15076687                   /usr/lib/x86_64-linux-gnu/libpthread-2.32.so
7f4615c50000-7f4615c54000 rw-p 00000000 00:00 0 
7f4615c54000-7f4615c56000 r--p 00000000 08:31 15077157                   /usr/lib/x86_64-linux-gnu/libz.so.1.2.11
7f4615c56000-7f4615c68000 r-xp 00002000 08:31 15077157                   /usr/lib/x86_64-linux-gnu/libz.so.1.2.11
7f4615c68000-7f4615c6f000 r--p 00014000 08:31 15077157                   /usr/lib/x86_64-linux-gnu/libz.so.1.2.11
7f4615c6f000-7f4615c70000 r--p 0001a000 08:31 15077157                   /usr/lib/x86_64-linux-gnu/libz.so.1.2.11
7f4615c70000-7f4615c71000 rw-p 0001b000 08:31 15077157                   /usr/lib/x86_64-linux-gnu/libz.so.1.2.11
7f4615c78000-7f4615c7b000 r--p 00000000 08:31 15076435                   /usr/lib/x86_64-linux-gnu/libnss_files-2.32.so
7f4615c7b000-7f4615c83000 r-xp 00003000 08:31 15076435                   /usr/lib/x86_64-linux-gnu/libnss_files-2.32.so
7f4615c83000-7f4615c85000 r--p 0000b000 08:31 15076435                   /usr/lib/x86_64-linux-gnu/libnss_files-2.32.so
7f4615c85000-7f4615c86000 r--p 0000c000 08:31 15076435                   /usr/lib/x86_64-linux-gnu/libnss_files-2.32.so
7f4615c86000-7f4615c87000 rw-p 0000d000 08:31 15076435                   /usr/lib/x86_64-linux-gnu/libnss_files-2.32.so
7f4615c87000-7f4615c8d000 rw-p 00000000 00:00 0 
7f4615c8d000-7f4615c8e000 ---p 00000000 00:00 0 
7f4615c8e000-7f4615c8f000 r--p 00000000 00:00 0 
7f4615c8f000-7f4615c91000 rw-p 00000000 00:00 0 
7f4615c91000-7f4615c92000 r--p 00000000 08:31 15075082                   /usr/lib/x86_64-linux-gnu/ld-2.32.so
7f4615c92000-7f4615cb6000 r-xp 00001000 08:31 15075082                   /usr/lib/x86_64-linux-gnu/ld-2.32.so
7f4615cb6000-7f4615cbf000 r--p 00025000 08:31 15075082                   /usr/lib/x86_64-linux-gnu/ld-2.32.so
7f4615cbf000-7f4615cc0000 r--p 0002d000 08:31 15075082                   /usr/lib/x86_64-linux-gnu/ld-2.32.so
7f4615cc0000-7f4615cc2000 rw-p 0002e000 08:31 15075082                   /usr/lib/x86_64-linux-gnu/ld-2.32.so
7ffe13d7c000-7ffe13d9e000 rw-p 00000000 00:00 0                          [stack]
7ffe13db7000-7ffe13dbb000 r--p 00000000 00:00 0                          [vvar]
7ffe13dbb000-7ffe13dbd000 r-xp 00000000 00:00 0                          [vdso]
ffffffffff600000-ffffffffff601000 --xp 00000000 00:00 0                  [vsyscall]


VM Arguments:
jvm_args: -javaagent:/home/jonas/.local/share/JetBrains/Toolbox/apps/IDEA-U/ch-0/211.7442.40/lib/idea_rt.jar=40601:/home/jonas/.local/share/JetBrains/Toolbox/apps/IDEA-U/ch-0/211.7442.40/bin -Dfile.encoding=UTF-8 
java_command: shell.Main
java_class_path (initial): /home/jonas/Projects/Java/NewShell/target/classes:/home/jonas/.m2/repository/org/apache/maven/plugins/maven-shade-plugin/3.2.4/maven-shade-plugin-3.2.4.jar:/home/jonas/.m2/repository/org/apache/maven/maven-plugin-api/3.0/maven-plugin-api-3.0.jar:/home/jonas/.m2/repository/org/sonatype/sisu/sisu-inject-plexus/1.4.2/sisu-inject-plexus-1.4.2.jar:/home/jonas/.m2/repository/org/sonatype/sisu/sisu-inject-bean/1.4.2/sisu-inject-bean-1.4.2.jar:/home/jonas/.m2/repository/org/sonatype/sisu/sisu-guice/2.1.7/sisu-guice-2.1.7-noaop.jar:/home/jonas/.m2/repository/org/apache/maven/maven-model/3.0/maven-model-3.0.jar:/home/jonas/.m2/repository/org/apache/maven/maven-core/3.0/maven-core-3.0.jar:/home/jonas/.m2/repository/org/apache/maven/maven-settings/3.0/maven-settings-3.0.jar:/home/jonas/.m2/repository/org/apache/maven/maven-settings-builder/3.0/maven-settings-builder-3.0.jar:/home/jonas/.m2/repository/org/apache/maven/maven-repository-metadata/3.0/maven-repository-metadata-3.0.jar:/home/jonas/.m2/repository/org/apache/maven/maven-model-builder/3.0/maven-model-builder-3.0.jar:/home/jonas/.m2/repository/org/apache/maven/maven-aether-provider/3.0/maven-aether-provider-3.0.jar:/home/jonas/.m2/repository/org/sonatype/aether/aether-impl/1.7/aether-impl-1.7.jar:/home/jonas/.m2/repository/org/sonatype/aether/aether-spi/1.7/aether-spi-1.7.jar:/home/jonas/.m2/repository/org/sonatype/aether/aether-api/1.7/aether-api-1.7.jar:/home/jonas/.m2/repository/org/sonatype/aether/aether-util/1.7/aether-util-1.7.jar:/home/jonas/.m2/repository/org/codehaus/plexus/plexus-interpolation/1.14/plexus-interpolation-1.14.jar:/home/jonas/.m2/repository/org/codehaus/plexus/plexus-classworlds/2.2.3/plexus-classworlds-2.2.3.jar:/home/jonas/.m2/repository/org/codehaus/plexus/plexus-component-annotations/1.5.5/plexus-component-annotations-1.5.5.jar:/home/jonas/.m2/repository/org/sonatype/plexus/plexus-sec-dispatcher/1.3/plexus-sec-dispatcher-1.3.jar:/home/jonas/.m2/repository/org/sonat
Launcher Type: SUN_STANDARD

[Global flags]
     intx CICompilerCount                          = 15                                        {product} {ergonomic}
     uint ConcGCThreads                            = 7                                         {product} {ergonomic}
     uint G1ConcRefinementThreads                  = 28                                        {product} {ergonomic}
   size_t G1HeapRegionSize                         = 2097152                                   {product} {ergonomic}
    uintx GCDrainStackTargetSize                   = 64                                        {product} {ergonomic}
   size_t InitialHeapSize                          = 526385152                                 {product} {ergonomic}
   size_t MarkStackSize                            = 4194304                                   {product} {ergonomic}
   size_t MaxHeapSize                              = 8420065280                                {product} {ergonomic}
   size_t MaxNewSize                               = 5052039168                                {product} {ergonomic}
   size_t MinHeapDeltaBytes                        = 2097152                                   {product} {ergonomic}
    uintx NonNMethodCodeHeapSize                   = 8182140                                {pd product} {ergonomic}
    uintx NonProfiledCodeHeapSize                  = 121738050                              {pd product} {ergonomic}
    uintx ProfiledCodeHeapSize                     = 121738050                              {pd product} {ergonomic}
    uintx ReservedCodeCacheSize                    = 251658240                              {pd product} {ergonomic}
     bool SegmentedCodeCache                       = true                                      {product} {ergonomic}
     bool UseCompressedClassPointers               = true                                 {lp64_product} {ergonomic}
     bool UseCompressedOops                        = true                                 {lp64_product} {ergonomic}
     bool UseG1GC                                  = true                                      {product} {ergonomic}

Logging:
Log output configuration:
 #0: stdout all=warning uptime,level,tags
 #1: stderr all=off uptime,level,tags

Environment Variables:
PATH=/usr/local/sbin:/usr/local/bin:/usr/sbin:/usr/bin:/sbin:/bin:/usr/games:/usr/local/games:/snap/bin
USERNAME=jonas
LD_LIBRARY_PATH=/home/jonas/Projects/Java/NewShell/src/main/java/shell/cTools
SHELL=/bin/bash
DISPLAY=:1
LANG=de_DE.UTF-8

Signal Handlers:
SIGSEGV: [libjvm.so+0xf06760], sa_mask[0]=11111111011111111101111111111110, sa_flags=SA_RESTART|SA_SIGINFO
SIGBUS: [libjvm.so+0xf06760], sa_mask[0]=11111111011111111101111111111110, sa_flags=SA_RESTART|SA_SIGINFO
SIGFPE: [libjvm.so+0xf06760], sa_mask[0]=11111111011111111101111111111110, sa_flags=SA_RESTART|SA_SIGINFO
SIGPIPE: [libjvm.so+0xc518a0], sa_mask[0]=11111111011111111101111111111110, sa_flags=SA_RESTART|SA_SIGINFO
SIGXFSZ: [libjvm.so+0xc518a0], sa_mask[0]=11111111011111111101111111111110, sa_flags=SA_RESTART|SA_SIGINFO
SIGILL: [libjvm.so+0xf06760], sa_mask[0]=11111111011111111101111111111110, sa_flags=SA_RESTART|SA_SIGINFO
SIGUSR2: [libjvm.so+0xc51740], sa_mask[0]=00100000000000000000000000000000, sa_flags=SA_RESTART|SA_SIGINFO
SIGHUP: [libjvm.so+0xc51aa0], sa_mask[0]=11111111011111111101111111111110, sa_flags=SA_RESTART|SA_SIGINFO
SIGINT: [libjvm.so+0xc51aa0], sa_mask[0]=11111111011111111101111111111110, sa_flags=SA_RESTART|SA_SIGINFO
SIGTERM: [libjvm.so+0xc51aa0], sa_mask[0]=11111111011111111101111111111110, sa_flags=SA_RESTART|SA_SIGINFO
SIGQUIT: [libjvm.so+0xc51aa0], sa_mask[0]=11111111011111111101111111111110, sa_flags=SA_RESTART|SA_SIGINFO


---------------  S Y S T E M  ---------------

OS:DISTRIB_ID=Pop
DISTRIB_RELEASE=20.10
DISTRIB_CODENAME=groovy
DISTRIB_DESCRIPTION="Pop!_OS 20.10"
uname:Linux 5.11.0-7614-generic #15~1622578982~20.10~383c0a9-Ubuntu SMP Wed Jun 2 00:54:41 UTC 2 x86_64
OS uptime: 0 days 4:39 hours
libc:glibc 2.32 NPTL 2.32 
rlimit (soft/hard): STACK 8192k/infinity , CORE 0k/infinity , NPROC 128061/128061 , NOFILE 1048576/1048576 , AS infinity/infinity , CPU infinity/infinity , DATA infinity/infinity , FSIZE infinity/infinity , MEMLOCK 4111206k/4111206k
load average:2,18 2,42 2,40

/proc/meminfo:
MemTotal:       32889648 kB
MemFree:          257480 kB
MemAvailable:   22148976 kB
Buffers:          225416 kB
Cached:         21729436 kB
SwapCached:        11088 kB
Active:          2340776 kB
Inactive:       28523020 kB
Active(anon):      70472 kB
Inactive(anon):  9236924 kB
Active(file):    2270304 kB
Inactive(file): 19286096 kB
Unevictable:          80 kB
Mlocked:              80 kB
SwapTotal:      16383480 kB
SwapFree:       16339960 kB
Dirty:             12036 kB
Writeback:             0 kB
AnonPages:       8897968 kB
Mapped:          1937944 kB
Shmem:            400816 kB
KReclaimable:     808476 kB
Slab:            1132504 kB
SReclaimable:     808476 kB
SUnreclaim:       324028 kB
KernelStack:       37648 kB
PageTables:        83172 kB
NFS_Unstable:          0 kB
Bounce:                0 kB
WritebackTmp:          0 kB
CommitLimit:    32828304 kB
Committed_AS:   21714964 kB
VmallocTotal:   34359738367 kB
VmallocUsed:      161936 kB
VmallocChunk:          0 kB
Percpu:            34944 kB
HardwareCorrupted:     0 kB
AnonHugePages:         0 kB
ShmemHugePages:        0 kB
ShmemPmdMapped:        0 kB
FileHugePages:         0 kB
FilePmdMapped:         0 kB
HugePages_Total:       0
HugePages_Free:        0
HugePages_Rsvd:        0
HugePages_Surp:        0
Hugepagesize:       2048 kB
Hugetlb:               0 kB
DirectMap4k:     1069792 kB
DirectMap2M:    30359552 kB
DirectMap1G:     4194304 kB

/sys/kernel/mm/transparent_hugepage/enabled:
always [madvise] never
/sys/kernel/mm/transparent_hugepage/defrag (defrag/compaction efforts parameter):
always defer defer+madvise [madvise] never

Process Memory:
Virtual Size: 11468632K (peak: 11468632K)
Resident Set Size: 53276K (peak: 53276K) (anon: 42280K, file: 10996K, shmem: 0K)
Swapped out: 0K
C-Heap outstanding allocations: 8848K

/proc/sys/kernel/threads-max (system-wide limit on the number of threads):
256123
/proc/sys/vm/max_map_count (maximum number of memory map areas a process may have):
65530
/proc/sys/kernel/pid_max (system-wide limit on number of process identifiers):
4194304

container (cgroup) information:
container_type: cgroupv1
cpu_cpuset_cpus: 0-39
cpu_memory_nodes: 0-1
active_processor_count: 40
cpu_quota: -1
cpu_period: 100000
cpu_shares: -1
memory_limit_in_bytes: -1
memory_and_swap_limit_in_bytes: -1
memory_soft_limit_in_bytes: -1
memory_usage_in_bytes: 31640956928
memory_max_usage_in_bytes: 31783682048

Steal ticks since vm start: 0
Steal ticks percentage since vm start:  0,000

CPU:total 40 (initial active 40) (10 cores per cpu, 2 threads per core) family 6 model 62 stepping 4 microcode 0x42e, cmov, cx8, fxsr, mmx, sse, sse2, sse3, ssse3, sse4.1, sse4.2, popcnt, avx, aes, clmul, erms, ht, tsc, tscinvbit
CPU Model and flags from /proc/cpuinfo:
model name	: Intel(R) Xeon(R) CPU E5-2680 v2 @ 2.80GHz
flags		: fpu vme de pse tsc msr pae mce cx8 apic sep mtrr pge mca cmov pat pse36 clflush dts acpi mmx fxsr sse sse2 ss ht tm pbe syscall nx pdpe1gb rdtscp lm constant_tsc arch_perfmon pebs bts rep_good nopl xtopology nonstop_tsc cpuid aperfmperf pni pclmulqdq dtes64 monitor ds_cpl vmx smx est tm2 ssse3 cx16 xtpr pdcm pcid dca sse4_1 sse4_2 x2apic popcnt tsc_deadline_timer aes xsave avx f16c rdrand lahf_lm cpuid_fault epb pti ssbd ibrs ibpb stibp tpr_shadow vnmi flexpriority ept vpid fsgsbase smep erms xsaveopt dtherm arat pln pts md_clear flush_l1d
Online cpus:
0-39
Offline cpus:

BIOS frequency limitation:
<Not Available>
Frequency switch latency (ns):
20000
Available cpu frequencies:
<Not Available>
Current governor:
schedutil
Core performance/turbo boost:
<Not Available>

Memory: 4k page, physical 32889648k(258480k free), swap 16383480k(16339960k free)

vm_info: OpenJDK 64-Bit Server VM (11.0.11+9-LTS) for linux-amd64 JRE (Zulu11.48+21-CA) (11.0.11+9-LTS), built on Apr  4 2021 18:13:37 by "zulu_re" with gcc 4.9.2 20150212 (Red Hat 4.9.2-6)

END.
